
*** Running vivado
    with args -log design_1_axi_smc_0.vds -m64 -product Vivado -mode batch -messageDb vivado.pb -notrace -source design_1_axi_smc_0.tcl



****** Vivado v2017.1_sdx (64-bit)
  **** SW Build 1915620 on Thu Jun 22 17:54:59 MDT 2017
  **** IP Build 1908669 on Thu Jun 22 19:20:41 MDT 2017
    ** Copyright 1986-2017 Xilinx, Inc. All Rights Reserved.

INFO: [Common 17-1460] Use of init.tcl in /safe/Xilinx/SDx/2017.1/Vivado/scripts/init.tcl is deprecated. Please use Vivado_init.tcl 
Sourcing tcl script '/safe/Xilinx/SDx/2017.1/Vivado/scripts/init.tcl'
16 Beta devices matching pattern found, 16 enabled.
Loaded SDSoC Platform Tcl Library
source design_1_axi_smc_0.tcl -notrace
Starting RTL Elaboration : Time (s): cpu = 00:00:04 ; elapsed = 00:00:04 . Memory (MB): peak = 1264.125 ; gain = 86.000 ; free physical = 8542 ; free virtual = 27321
INFO: [Synth 8-638] synthesizing module 'design_1_axi_smc_0' [/home/rui/workspace/R20180914_dmaconverter/R20180914_dmaconverter.srcs/sources_1/bd/design_1/ip/design_1_axi_smc_0/synth/design_1_axi_smc_0.v:57]
INFO: [Synth 8-638] synthesizing module 'bd_afc3' [/home/rui/workspace/R20180914_dmaconverter/R20180914_dmaconverter.srcs/sources_1/bd/design_1/ip/design_1_axi_smc_0/bd_0/hdl/bd_afc3.v:13]
INFO: [Synth 8-638] synthesizing module 'clk_map_imp_5Y9LOC' [/home/rui/workspace/R20180914_dmaconverter/R20180914_dmaconverter.srcs/sources_1/bd/design_1/ip/design_1_axi_smc_0/bd_0/hdl/bd_afc3.v:1395]
INFO: [Synth 8-638] synthesizing module 'bd_afc3_one_0' [/home/rui/workspace/R20180914_dmaconverter/R20180914_dmaconverter.srcs/sources_1/bd/design_1/ip/design_1_axi_smc_0/bd_0/ip/ip_0/synth/bd_afc3_one_0.v:57]
INFO: [Synth 8-638] synthesizing module 'xlconstant_v1_1_3_xlconstant' [/home/rui/workspace/R20180914_dmaconverter/R20180914_dmaconverter.srcs/sources_1/bd/design_1/ipshared/45df/hdl/xlconstant_v1_1_vl_rfs.v:23]
INFO: [Synth 8-256] done synthesizing module 'xlconstant_v1_1_3_xlconstant' (1#1) [/home/rui/workspace/R20180914_dmaconverter/R20180914_dmaconverter.srcs/sources_1/bd/design_1/ipshared/45df/hdl/xlconstant_v1_1_vl_rfs.v:23]
INFO: [Synth 8-256] done synthesizing module 'bd_afc3_one_0' (2#1) [/home/rui/workspace/R20180914_dmaconverter/R20180914_dmaconverter.srcs/sources_1/bd/design_1/ip/design_1_axi_smc_0/bd_0/ip/ip_0/synth/bd_afc3_one_0.v:57]
INFO: [Synth 8-638] synthesizing module 'bd_afc3_psr_aclk_0' [/home/rui/workspace/R20180914_dmaconverter/R20180914_dmaconverter.srcs/sources_1/bd/design_1/ip/design_1_axi_smc_0/bd_0/ip/ip_1/synth/bd_afc3_psr_aclk_0.vhd:74]
INFO: [Synth 8-638] synthesizing module 'proc_sys_reset' [/home/rui/workspace/R20180914_dmaconverter/R20180914_dmaconverter.srcs/sources_1/bd/design_1/ipshared/04b4/hdl/proc_sys_reset_v5_0_vh_rfs.vhd:1323]
INFO: [Synth 8-638] synthesizing module 'lpf' [/home/rui/workspace/R20180914_dmaconverter/R20180914_dmaconverter.srcs/sources_1/bd/design_1/ipshared/04b4/hdl/proc_sys_reset_v5_0_vh_rfs.vhd:816]
INFO: [Synth 8-638] synthesizing module 'SRL16' [/safe/Xilinx/SDx/2017.1/Vivado/scripts/rt/data/unisim_comp.v:43657]
INFO: [Synth 8-256] done synthesizing module 'SRL16' (3#1) [/safe/Xilinx/SDx/2017.1/Vivado/scripts/rt/data/unisim_comp.v:43657]
INFO: [Synth 8-638] synthesizing module 'cdc_sync' [/home/rui/workspace/R20180914_dmaconverter/R20180914_dmaconverter.srcs/sources_1/bd/design_1/ipshared/52cb/hdl/lib_cdc_v1_0_rfs.vhd:106]
INFO: [Synth 8-256] done synthesizing module 'cdc_sync' (4#1) [/home/rui/workspace/R20180914_dmaconverter/R20180914_dmaconverter.srcs/sources_1/bd/design_1/ipshared/52cb/hdl/lib_cdc_v1_0_rfs.vhd:106]
INFO: [Synth 8-256] done synthesizing module 'lpf' (5#1) [/home/rui/workspace/R20180914_dmaconverter/R20180914_dmaconverter.srcs/sources_1/bd/design_1/ipshared/04b4/hdl/proc_sys_reset_v5_0_vh_rfs.vhd:816]
INFO: [Synth 8-638] synthesizing module 'sequence_psr' [/home/rui/workspace/R20180914_dmaconverter/R20180914_dmaconverter.srcs/sources_1/bd/design_1/ipshared/04b4/hdl/proc_sys_reset_v5_0_vh_rfs.vhd:301]
INFO: [Synth 8-638] synthesizing module 'upcnt_n' [/home/rui/workspace/R20180914_dmaconverter/R20180914_dmaconverter.srcs/sources_1/bd/design_1/ipshared/04b4/hdl/proc_sys_reset_v5_0_vh_rfs.vhd:125]
INFO: [Synth 8-256] done synthesizing module 'upcnt_n' (6#1) [/home/rui/workspace/R20180914_dmaconverter/R20180914_dmaconverter.srcs/sources_1/bd/design_1/ipshared/04b4/hdl/proc_sys_reset_v5_0_vh_rfs.vhd:125]
INFO: [Synth 8-256] done synthesizing module 'sequence_psr' (7#1) [/home/rui/workspace/R20180914_dmaconverter/R20180914_dmaconverter.srcs/sources_1/bd/design_1/ipshared/04b4/hdl/proc_sys_reset_v5_0_vh_rfs.vhd:301]
INFO: [Synth 8-256] done synthesizing module 'proc_sys_reset' (8#1) [/home/rui/workspace/R20180914_dmaconverter/R20180914_dmaconverter.srcs/sources_1/bd/design_1/ipshared/04b4/hdl/proc_sys_reset_v5_0_vh_rfs.vhd:1323]
INFO: [Synth 8-256] done synthesizing module 'bd_afc3_psr_aclk_0' (9#1) [/home/rui/workspace/R20180914_dmaconverter/R20180914_dmaconverter.srcs/sources_1/bd/design_1/ip/design_1_axi_smc_0/bd_0/ip/ip_1/synth/bd_afc3_psr_aclk_0.vhd:74]
INFO: [Synth 8-256] done synthesizing module 'clk_map_imp_5Y9LOC' (10#1) [/home/rui/workspace/R20180914_dmaconverter/R20180914_dmaconverter.srcs/sources_1/bd/design_1/ip/design_1_axi_smc_0/bd_0/hdl/bd_afc3.v:1395]
INFO: [Synth 8-638] synthesizing module 'm00_exit_pipeline_imp_1TZX5BB' [/home/rui/workspace/R20180914_dmaconverter/R20180914_dmaconverter.srcs/sources_1/bd/design_1/ip/design_1_axi_smc_0/bd_0/hdl/bd_afc3.v:1451]
INFO: [Synth 8-638] synthesizing module 'bd_afc3_m00e_0' [/home/rui/workspace/R20180914_dmaconverter/R20180914_dmaconverter.srcs/sources_1/bd/design_1/ip/design_1_axi_smc_0/bd_0/ip/ip_35/synth/bd_afc3_m00e_0.sv:58]
INFO: [Synth 8-256] done synthesizing module 'bd_afc3_m00e_0' (25#1) [/home/rui/workspace/R20180914_dmaconverter/R20180914_dmaconverter.srcs/sources_1/bd/design_1/ip/design_1_axi_smc_0/bd_0/ip/ip_35/synth/bd_afc3_m00e_0.sv:58]
INFO: [Synth 8-256] done synthesizing module 'm00_exit_pipeline_imp_1TZX5BB' (26#1) [/home/rui/workspace/R20180914_dmaconverter/R20180914_dmaconverter.srcs/sources_1/bd/design_1/ip/design_1_axi_smc_0/bd_0/hdl/bd_afc3.v:1451]
INFO: [Synth 8-638] synthesizing module 'm00_nodes_imp_1GOYQYZ' [/home/rui/workspace/R20180914_dmaconverter/R20180914_dmaconverter.srcs/sources_1/bd/design_1/ip/design_1_axi_smc_0/bd_0/hdl/bd_afc3.v:1822]
INFO: [Synth 8-638] synthesizing module 'bd_afc3_m00arn_0' [/home/rui/workspace/R20180914_dmaconverter/R20180914_dmaconverter.srcs/sources_1/bd/design_1/ip/design_1_axi_smc_0/bd_0/ip/ip_30/synth/bd_afc3_m00arn_0.sv:58]
INFO: [Synth 8-638] synthesizing module 'xpm_memory_base' [/safe/Xilinx/SDx/2017.1/Vivado/data/ip/xpm/xpm_memory/hdl/xpm_memory.sv:58]
INFO: [Synth 8-256] done synthesizing module 'xpm_memory_base' (32#1) [/safe/Xilinx/SDx/2017.1/Vivado/data/ip/xpm/xpm_memory/hdl/xpm_memory.sv:58]
INFO: [Synth 8-638] synthesizing module 'xpm_memory_base__parameterized0' [/safe/Xilinx/SDx/2017.1/Vivado/data/ip/xpm/xpm_memory/hdl/xpm_memory.sv:58]
INFO: [Synth 8-256] done synthesizing module 'xpm_memory_base__parameterized0' (35#1) [/safe/Xilinx/SDx/2017.1/Vivado/data/ip/xpm/xpm_memory/hdl/xpm_memory.sv:58]
INFO: [Synth 8-256] done synthesizing module 'bd_afc3_m00arn_0' (41#1) [/home/rui/workspace/R20180914_dmaconverter/R20180914_dmaconverter.srcs/sources_1/bd/design_1/ip/design_1_axi_smc_0/bd_0/ip/ip_30/synth/bd_afc3_m00arn_0.sv:58]
INFO: [Synth 8-638] synthesizing module 'bd_afc3_m00awn_0' [/home/rui/workspace/R20180914_dmaconverter/R20180914_dmaconverter.srcs/sources_1/bd/design_1/ip/design_1_axi_smc_0/bd_0/ip/ip_32/synth/bd_afc3_m00awn_0.sv:58]
INFO: [Synth 8-256] done synthesizing module 'bd_afc3_m00awn_0' (42#1) [/home/rui/workspace/R20180914_dmaconverter/R20180914_dmaconverter.srcs/sources_1/bd/design_1/ip/design_1_axi_smc_0/bd_0/ip/ip_32/synth/bd_afc3_m00awn_0.sv:58]
INFO: [Synth 8-638] synthesizing module 'bd_afc3_m00bn_0' [/home/rui/workspace/R20180914_dmaconverter/R20180914_dmaconverter.srcs/sources_1/bd/design_1/ip/design_1_axi_smc_0/bd_0/ip/ip_34/synth/bd_afc3_m00bn_0.sv:58]
INFO: [Synth 8-638] synthesizing module 'xpm_memory_base__parameterized1' [/safe/Xilinx/SDx/2017.1/Vivado/data/ip/xpm/xpm_memory/hdl/xpm_memory.sv:58]
INFO: [Synth 8-256] done synthesizing module 'xpm_memory_base__parameterized1' (42#1) [/safe/Xilinx/SDx/2017.1/Vivado/data/ip/xpm/xpm_memory/hdl/xpm_memory.sv:58]
INFO: [Synth 8-638] synthesizing module 'xpm_memory_base__parameterized2' [/safe/Xilinx/SDx/2017.1/Vivado/data/ip/xpm/xpm_memory/hdl/xpm_memory.sv:58]
INFO: [Synth 8-256] done synthesizing module 'xpm_memory_base__parameterized2' (42#1) [/safe/Xilinx/SDx/2017.1/Vivado/data/ip/xpm/xpm_memory/hdl/xpm_memory.sv:58]
INFO: [Synth 8-256] done synthesizing module 'bd_afc3_m00bn_0' (43#1) [/home/rui/workspace/R20180914_dmaconverter/R20180914_dmaconverter.srcs/sources_1/bd/design_1/ip/design_1_axi_smc_0/bd_0/ip/ip_34/synth/bd_afc3_m00bn_0.sv:58]
INFO: [Synth 8-638] synthesizing module 'bd_afc3_m00rn_0' [/home/rui/workspace/R20180914_dmaconverter/R20180914_dmaconverter.srcs/sources_1/bd/design_1/ip/design_1_axi_smc_0/bd_0/ip/ip_31/synth/bd_afc3_m00rn_0.sv:58]
INFO: [Synth 8-638] synthesizing module 'xpm_memory_base__parameterized3' [/safe/Xilinx/SDx/2017.1/Vivado/data/ip/xpm/xpm_memory/hdl/xpm_memory.sv:58]
INFO: [Synth 8-256] done synthesizing module 'xpm_memory_base__parameterized3' (43#1) [/safe/Xilinx/SDx/2017.1/Vivado/data/ip/xpm/xpm_memory/hdl/xpm_memory.sv:58]
INFO: [Synth 8-256] done synthesizing module 'bd_afc3_m00rn_0' (44#1) [/home/rui/workspace/R20180914_dmaconverter/R20180914_dmaconverter.srcs/sources_1/bd/design_1/ip/design_1_axi_smc_0/bd_0/ip/ip_31/synth/bd_afc3_m00rn_0.sv:58]
INFO: [Synth 8-638] synthesizing module 'bd_afc3_m00wn_0' [/home/rui/workspace/R20180914_dmaconverter/R20180914_dmaconverter.srcs/sources_1/bd/design_1/ip/design_1_axi_smc_0/bd_0/ip/ip_33/synth/bd_afc3_m00wn_0.sv:58]
INFO: [Synth 8-638] synthesizing module 'xpm_memory_base__parameterized4' [/safe/Xilinx/SDx/2017.1/Vivado/data/ip/xpm/xpm_memory/hdl/xpm_memory.sv:58]
INFO: [Synth 8-256] done synthesizing module 'xpm_memory_base__parameterized4' (44#1) [/safe/Xilinx/SDx/2017.1/Vivado/data/ip/xpm/xpm_memory/hdl/xpm_memory.sv:58]
INFO: [Synth 8-638] synthesizing module 'xpm_memory_base__parameterized5' [/safe/Xilinx/SDx/2017.1/Vivado/data/ip/xpm/xpm_memory/hdl/xpm_memory.sv:58]
INFO: [Synth 8-256] done synthesizing module 'xpm_memory_base__parameterized5' (44#1) [/safe/Xilinx/SDx/2017.1/Vivado/data/ip/xpm/xpm_memory/hdl/xpm_memory.sv:58]
INFO: [Synth 8-256] done synthesizing module 'bd_afc3_m00wn_0' (45#1) [/home/rui/workspace/R20180914_dmaconverter/R20180914_dmaconverter.srcs/sources_1/bd/design_1/ip/design_1_axi_smc_0/bd_0/ip/ip_33/synth/bd_afc3_m00wn_0.sv:58]
INFO: [Synth 8-256] done synthesizing module 'm00_nodes_imp_1GOYQYZ' (46#1) [/home/rui/workspace/R20180914_dmaconverter/R20180914_dmaconverter.srcs/sources_1/bd/design_1/ip/design_1_axi_smc_0/bd_0/hdl/bd_afc3.v:1822]
INFO: [Synth 8-638] synthesizing module 'bd_afc3_m00s2a_0' [/home/rui/workspace/R20180914_dmaconverter/R20180914_dmaconverter.srcs/sources_1/bd/design_1/ip/design_1_axi_smc_0/bd_0/ip/ip_29/synth/bd_afc3_m00s2a_0.sv:58]
INFO: [Synth 8-256] done synthesizing module 'bd_afc3_m00s2a_0' (48#1) [/home/rui/workspace/R20180914_dmaconverter/R20180914_dmaconverter.srcs/sources_1/bd/design_1/ip/design_1_axi_smc_0/bd_0/ip/ip_29/synth/bd_afc3_m00s2a_0.sv:58]
INFO: [Synth 8-638] synthesizing module 'bd_afc3_s00a2s_0' [/home/rui/workspace/R20180914_dmaconverter/R20180914_dmaconverter.srcs/sources_1/bd/design_1/ip/design_1_axi_smc_0/bd_0/ip/ip_10/synth/bd_afc3_s00a2s_0.sv:58]
INFO: [Synth 8-256] done synthesizing module 'bd_afc3_s00a2s_0' (50#1) [/home/rui/workspace/R20180914_dmaconverter/R20180914_dmaconverter.srcs/sources_1/bd/design_1/ip/design_1_axi_smc_0/bd_0/ip/ip_10/synth/bd_afc3_s00a2s_0.sv:58]
INFO: [Synth 8-638] synthesizing module 's00_entry_pipeline_imp_USCCV8' [/home/rui/workspace/R20180914_dmaconverter/R20180914_dmaconverter.srcs/sources_1/bd/design_1/ip/design_1_axi_smc_0/bd_0/hdl/bd_afc3.v:2127]
INFO: [Synth 8-638] synthesizing module 'bd_afc3_s00mmu_0' [/home/rui/workspace/R20180914_dmaconverter/R20180914_dmaconverter.srcs/sources_1/bd/design_1/ip/design_1_axi_smc_0/bd_0/ip/ip_7/synth/bd_afc3_s00mmu_0.sv:58]
INFO: [Synth 8-256] done synthesizing module 'bd_afc3_s00mmu_0' (54#1) [/home/rui/workspace/R20180914_dmaconverter/R20180914_dmaconverter.srcs/sources_1/bd/design_1/ip/design_1_axi_smc_0/bd_0/ip/ip_7/synth/bd_afc3_s00mmu_0.sv:58]
INFO: [Synth 8-638] synthesizing module 'bd_afc3_s00sic_0' [/home/rui/workspace/R20180914_dmaconverter/R20180914_dmaconverter.srcs/sources_1/bd/design_1/ip/design_1_axi_smc_0/bd_0/ip/ip_9/synth/bd_afc3_s00sic_0.sv:58]
INFO: [Synth 8-256] done synthesizing module 'bd_afc3_s00sic_0' (57#1) [/home/rui/workspace/R20180914_dmaconverter/R20180914_dmaconverter.srcs/sources_1/bd/design_1/ip/design_1_axi_smc_0/bd_0/ip/ip_9/synth/bd_afc3_s00sic_0.sv:58]
INFO: [Synth 8-638] synthesizing module 'bd_afc3_s00tr_0' [/home/rui/workspace/R20180914_dmaconverter/R20180914_dmaconverter.srcs/sources_1/bd/design_1/ip/design_1_axi_smc_0/bd_0/ip/ip_8/synth/bd_afc3_s00tr_0.sv:58]
INFO: [Synth 8-256] done synthesizing module 'bd_afc3_s00tr_0' (60#1) [/home/rui/workspace/R20180914_dmaconverter/R20180914_dmaconverter.srcs/sources_1/bd/design_1/ip/design_1_axi_smc_0/bd_0/ip/ip_8/synth/bd_afc3_s00tr_0.sv:58]
INFO: [Synth 8-256] done synthesizing module 's00_entry_pipeline_imp_USCCV8' (61#1) [/home/rui/workspace/R20180914_dmaconverter/R20180914_dmaconverter.srcs/sources_1/bd/design_1/ip/design_1_axi_smc_0/bd_0/hdl/bd_afc3.v:2127]
INFO: [Synth 8-638] synthesizing module 's00_nodes_imp_Y7M43I' [/home/rui/workspace/R20180914_dmaconverter/R20180914_dmaconverter.srcs/sources_1/bd/design_1/ip/design_1_axi_smc_0/bd_0/hdl/bd_afc3.v:2732]
INFO: [Synth 8-638] synthesizing module 'bd_afc3_sarn_0' [/home/rui/workspace/R20180914_dmaconverter/R20180914_dmaconverter.srcs/sources_1/bd/design_1/ip/design_1_axi_smc_0/bd_0/ip/ip_11/synth/bd_afc3_sarn_0.sv:58]
INFO: [Synth 8-638] synthesizing module 'xpm_memory_base__parameterized6' [/safe/Xilinx/SDx/2017.1/Vivado/data/ip/xpm/xpm_memory/hdl/xpm_memory.sv:58]
INFO: [Synth 8-256] done synthesizing module 'xpm_memory_base__parameterized6' (61#1) [/safe/Xilinx/SDx/2017.1/Vivado/data/ip/xpm/xpm_memory/hdl/xpm_memory.sv:58]
INFO: [Synth 8-638] synthesizing module 'xpm_memory_base__parameterized7' [/safe/Xilinx/SDx/2017.1/Vivado/data/ip/xpm/xpm_memory/hdl/xpm_memory.sv:58]
INFO: [Synth 8-256] done synthesizing module 'xpm_memory_base__parameterized7' (61#1) [/safe/Xilinx/SDx/2017.1/Vivado/data/ip/xpm/xpm_memory/hdl/xpm_memory.sv:58]
INFO: [Synth 8-256] done synthesizing module 'bd_afc3_sarn_0' (62#1) [/home/rui/workspace/R20180914_dmaconverter/R20180914_dmaconverter.srcs/sources_1/bd/design_1/ip/design_1_axi_smc_0/bd_0/ip/ip_11/synth/bd_afc3_sarn_0.sv:58]
INFO: [Synth 8-638] synthesizing module 'bd_afc3_sawn_0' [/home/rui/workspace/R20180914_dmaconverter/R20180914_dmaconverter.srcs/sources_1/bd/design_1/ip/design_1_axi_smc_0/bd_0/ip/ip_13/synth/bd_afc3_sawn_0.sv:58]
INFO: [Synth 8-256] done synthesizing module 'bd_afc3_sawn_0' (63#1) [/home/rui/workspace/R20180914_dmaconverter/R20180914_dmaconverter.srcs/sources_1/bd/design_1/ip/design_1_axi_smc_0/bd_0/ip/ip_13/synth/bd_afc3_sawn_0.sv:58]
INFO: [Synth 8-638] synthesizing module 'bd_afc3_sbn_0' [/home/rui/workspace/R20180914_dmaconverter/R20180914_dmaconverter.srcs/sources_1/bd/design_1/ip/design_1_axi_smc_0/bd_0/ip/ip_15/synth/bd_afc3_sbn_0.sv:58]
INFO: [Synth 8-638] synthesizing module 'xpm_memory_base__parameterized8' [/safe/Xilinx/SDx/2017.1/Vivado/data/ip/xpm/xpm_memory/hdl/xpm_memory.sv:58]
INFO: [Synth 8-256] done synthesizing module 'xpm_memory_base__parameterized8' (63#1) [/safe/Xilinx/SDx/2017.1/Vivado/data/ip/xpm/xpm_memory/hdl/xpm_memory.sv:58]
INFO: [Synth 8-256] done synthesizing module 'bd_afc3_sbn_0' (64#1) [/home/rui/workspace/R20180914_dmaconverter/R20180914_dmaconverter.srcs/sources_1/bd/design_1/ip/design_1_axi_smc_0/bd_0/ip/ip_15/synth/bd_afc3_sbn_0.sv:58]
INFO: [Synth 8-638] synthesizing module 'bd_afc3_srn_0' [/home/rui/workspace/R20180914_dmaconverter/R20180914_dmaconverter.srcs/sources_1/bd/design_1/ip/design_1_axi_smc_0/bd_0/ip/ip_12/synth/bd_afc3_srn_0.sv:58]
INFO: [Synth 8-638] synthesizing module 'xpm_memory_base__parameterized9' [/safe/Xilinx/SDx/2017.1/Vivado/data/ip/xpm/xpm_memory/hdl/xpm_memory.sv:58]
INFO: [Synth 8-256] done synthesizing module 'xpm_memory_base__parameterized9' (65#1) [/safe/Xilinx/SDx/2017.1/Vivado/data/ip/xpm/xpm_memory/hdl/xpm_memory.sv:58]
INFO: [Synth 8-256] done synthesizing module 'bd_afc3_srn_0' (66#1) [/home/rui/workspace/R20180914_dmaconverter/R20180914_dmaconverter.srcs/sources_1/bd/design_1/ip/design_1_axi_smc_0/bd_0/ip/ip_12/synth/bd_afc3_srn_0.sv:58]
INFO: [Synth 8-638] synthesizing module 'bd_afc3_swn_0' [/home/rui/workspace/R20180914_dmaconverter/R20180914_dmaconverter.srcs/sources_1/bd/design_1/ip/design_1_axi_smc_0/bd_0/ip/ip_14/synth/bd_afc3_swn_0.sv:58]
INFO: [Synth 8-638] synthesizing module 'xpm_memory_base__parameterized10' [/safe/Xilinx/SDx/2017.1/Vivado/data/ip/xpm/xpm_memory/hdl/xpm_memory.sv:58]
INFO: [Synth 8-256] done synthesizing module 'xpm_memory_base__parameterized10' (68#1) [/safe/Xilinx/SDx/2017.1/Vivado/data/ip/xpm/xpm_memory/hdl/xpm_memory.sv:58]
INFO: [Synth 8-256] done synthesizing module 'bd_afc3_swn_0' (69#1) [/home/rui/workspace/R20180914_dmaconverter/R20180914_dmaconverter.srcs/sources_1/bd/design_1/ip/design_1_axi_smc_0/bd_0/ip/ip_14/synth/bd_afc3_swn_0.sv:58]
INFO: [Synth 8-256] done synthesizing module 's00_nodes_imp_Y7M43I' (70#1) [/home/rui/workspace/R20180914_dmaconverter/R20180914_dmaconverter.srcs/sources_1/bd/design_1/ip/design_1_axi_smc_0/bd_0/hdl/bd_afc3.v:2732]
INFO: [Synth 8-638] synthesizing module 'bd_afc3_s01a2s_0' [/home/rui/workspace/R20180914_dmaconverter/R20180914_dmaconverter.srcs/sources_1/bd/design_1/ip/design_1_axi_smc_0/bd_0/ip/ip_19/synth/bd_afc3_s01a2s_0.sv:58]
INFO: [Synth 8-256] done synthesizing module 'bd_afc3_s01a2s_0' (71#1) [/home/rui/workspace/R20180914_dmaconverter/R20180914_dmaconverter.srcs/sources_1/bd/design_1/ip/design_1_axi_smc_0/bd_0/ip/ip_19/synth/bd_afc3_s01a2s_0.sv:58]
INFO: [Synth 8-638] synthesizing module 's01_entry_pipeline_imp_1W4H5O0' [/home/rui/workspace/R20180914_dmaconverter/R20180914_dmaconverter.srcs/sources_1/bd/design_1/ip/design_1_axi_smc_0/bd_0/hdl/bd_afc3.v:3028]
INFO: [Synth 8-638] synthesizing module 'bd_afc3_s01mmu_0' [/home/rui/workspace/R20180914_dmaconverter/R20180914_dmaconverter.srcs/sources_1/bd/design_1/ip/design_1_axi_smc_0/bd_0/ip/ip_16/synth/bd_afc3_s01mmu_0.sv:58]
INFO: [Synth 8-256] done synthesizing module 'bd_afc3_s01mmu_0' (72#1) [/home/rui/workspace/R20180914_dmaconverter/R20180914_dmaconverter.srcs/sources_1/bd/design_1/ip/design_1_axi_smc_0/bd_0/ip/ip_16/synth/bd_afc3_s01mmu_0.sv:58]
INFO: [Synth 8-638] synthesizing module 'bd_afc3_s01sic_0' [/home/rui/workspace/R20180914_dmaconverter/R20180914_dmaconverter.srcs/sources_1/bd/design_1/ip/design_1_axi_smc_0/bd_0/ip/ip_18/synth/bd_afc3_s01sic_0.sv:58]
INFO: [Synth 8-256] done synthesizing module 'bd_afc3_s01sic_0' (73#1) [/home/rui/workspace/R20180914_dmaconverter/R20180914_dmaconverter.srcs/sources_1/bd/design_1/ip/design_1_axi_smc_0/bd_0/ip/ip_18/synth/bd_afc3_s01sic_0.sv:58]
INFO: [Synth 8-638] synthesizing module 'bd_afc3_s01tr_0' [/home/rui/workspace/R20180914_dmaconverter/R20180914_dmaconverter.srcs/sources_1/bd/design_1/ip/design_1_axi_smc_0/bd_0/ip/ip_17/synth/bd_afc3_s01tr_0.sv:58]
INFO: [Synth 8-256] done synthesizing module 'bd_afc3_s01tr_0' (74#1) [/home/rui/workspace/R20180914_dmaconverter/R20180914_dmaconverter.srcs/sources_1/bd/design_1/ip/design_1_axi_smc_0/bd_0/ip/ip_17/synth/bd_afc3_s01tr_0.sv:58]
INFO: [Synth 8-256] done synthesizing module 's01_entry_pipeline_imp_1W4H5O0' (75#1) [/home/rui/workspace/R20180914_dmaconverter/R20180914_dmaconverter.srcs/sources_1/bd/design_1/ip/design_1_axi_smc_0/bd_0/hdl/bd_afc3.v:3028]
INFO: [Synth 8-638] synthesizing module 's01_nodes_imp_1RW0SI0' [/home/rui/workspace/R20180914_dmaconverter/R20180914_dmaconverter.srcs/sources_1/bd/design_1/ip/design_1_axi_smc_0/bd_0/hdl/bd_afc3.v:3312]
INFO: [Synth 8-638] synthesizing module 'bd_afc3_sarn_1' [/home/rui/workspace/R20180914_dmaconverter/R20180914_dmaconverter.srcs/sources_1/bd/design_1/ip/design_1_axi_smc_0/bd_0/ip/ip_20/synth/bd_afc3_sarn_1.sv:58]
INFO: [Synth 8-256] done synthesizing module 'bd_afc3_sarn_1' (76#1) [/home/rui/workspace/R20180914_dmaconverter/R20180914_dmaconverter.srcs/sources_1/bd/design_1/ip/design_1_axi_smc_0/bd_0/ip/ip_20/synth/bd_afc3_sarn_1.sv:58]
INFO: [Synth 8-638] synthesizing module 'bd_afc3_srn_1' [/home/rui/workspace/R20180914_dmaconverter/R20180914_dmaconverter.srcs/sources_1/bd/design_1/ip/design_1_axi_smc_0/bd_0/ip/ip_21/synth/bd_afc3_srn_1.sv:58]
INFO: [Synth 8-256] done synthesizing module 'bd_afc3_srn_1' (77#1) [/home/rui/workspace/R20180914_dmaconverter/R20180914_dmaconverter.srcs/sources_1/bd/design_1/ip/design_1_axi_smc_0/bd_0/ip/ip_21/synth/bd_afc3_srn_1.sv:58]
INFO: [Synth 8-256] done synthesizing module 's01_nodes_imp_1RW0SI0' (78#1) [/home/rui/workspace/R20180914_dmaconverter/R20180914_dmaconverter.srcs/sources_1/bd/design_1/ip/design_1_axi_smc_0/bd_0/hdl/bd_afc3.v:3312]
INFO: [Synth 8-638] synthesizing module 'bd_afc3_s02a2s_0' [/home/rui/workspace/R20180914_dmaconverter/R20180914_dmaconverter.srcs/sources_1/bd/design_1/ip/design_1_axi_smc_0/bd_0/ip/ip_25/synth/bd_afc3_s02a2s_0.sv:58]
INFO: [Synth 8-256] done synthesizing module 'bd_afc3_s02a2s_0' (79#1) [/home/rui/workspace/R20180914_dmaconverter/R20180914_dmaconverter.srcs/sources_1/bd/design_1/ip/design_1_axi_smc_0/bd_0/ip/ip_25/synth/bd_afc3_s02a2s_0.sv:58]
INFO: [Synth 8-638] synthesizing module 's02_entry_pipeline_imp_10GEI8D' [/home/rui/workspace/R20180914_dmaconverter/R20180914_dmaconverter.srcs/sources_1/bd/design_1/ip/design_1_axi_smc_0/bd_0/hdl/bd_afc3.v:3443]
INFO: [Synth 8-638] synthesizing module 'bd_afc3_s02mmu_0' [/home/rui/workspace/R20180914_dmaconverter/R20180914_dmaconverter.srcs/sources_1/bd/design_1/ip/design_1_axi_smc_0/bd_0/ip/ip_22/synth/bd_afc3_s02mmu_0.sv:58]
INFO: [Synth 8-256] done synthesizing module 'bd_afc3_s02mmu_0' (80#1) [/home/rui/workspace/R20180914_dmaconverter/R20180914_dmaconverter.srcs/sources_1/bd/design_1/ip/design_1_axi_smc_0/bd_0/ip/ip_22/synth/bd_afc3_s02mmu_0.sv:58]
INFO: [Synth 8-638] synthesizing module 'bd_afc3_s02sic_0' [/home/rui/workspace/R20180914_dmaconverter/R20180914_dmaconverter.srcs/sources_1/bd/design_1/ip/design_1_axi_smc_0/bd_0/ip/ip_24/synth/bd_afc3_s02sic_0.sv:58]
INFO: [Synth 8-256] done synthesizing module 'bd_afc3_s02sic_0' (81#1) [/home/rui/workspace/R20180914_dmaconverter/R20180914_dmaconverter.srcs/sources_1/bd/design_1/ip/design_1_axi_smc_0/bd_0/ip/ip_24/synth/bd_afc3_s02sic_0.sv:58]
INFO: [Synth 8-638] synthesizing module 'bd_afc3_s02tr_0' [/home/rui/workspace/R20180914_dmaconverter/R20180914_dmaconverter.srcs/sources_1/bd/design_1/ip/design_1_axi_smc_0/bd_0/ip/ip_23/synth/bd_afc3_s02tr_0.sv:58]
INFO: [Synth 8-256] done synthesizing module 'bd_afc3_s02tr_0' (82#1) [/home/rui/workspace/R20180914_dmaconverter/R20180914_dmaconverter.srcs/sources_1/bd/design_1/ip/design_1_axi_smc_0/bd_0/ip/ip_23/synth/bd_afc3_s02tr_0.sv:58]
INFO: [Synth 8-256] done synthesizing module 's02_entry_pipeline_imp_10GEI8D' (83#1) [/home/rui/workspace/R20180914_dmaconverter/R20180914_dmaconverter.srcs/sources_1/bd/design_1/ip/design_1_axi_smc_0/bd_0/hdl/bd_afc3.v:3443]
INFO: [Synth 8-638] synthesizing module 's02_nodes_imp_16RLGGJ' [/home/rui/workspace/R20180914_dmaconverter/R20180914_dmaconverter.srcs/sources_1/bd/design_1/ip/design_1_axi_smc_0/bd_0/hdl/bd_afc3.v:3786]
INFO: [Synth 8-638] synthesizing module 'bd_afc3_sawn_1' [/home/rui/workspace/R20180914_dmaconverter/R20180914_dmaconverter.srcs/sources_1/bd/design_1/ip/design_1_axi_smc_0/bd_0/ip/ip_26/synth/bd_afc3_sawn_1.sv:58]
INFO: [Synth 8-256] done synthesizing module 'bd_afc3_sawn_1' (84#1) [/home/rui/workspace/R20180914_dmaconverter/R20180914_dmaconverter.srcs/sources_1/bd/design_1/ip/design_1_axi_smc_0/bd_0/ip/ip_26/synth/bd_afc3_sawn_1.sv:58]
INFO: [Synth 8-638] synthesizing module 'bd_afc3_sbn_1' [/home/rui/workspace/R20180914_dmaconverter/R20180914_dmaconverter.srcs/sources_1/bd/design_1/ip/design_1_axi_smc_0/bd_0/ip/ip_28/synth/bd_afc3_sbn_1.sv:58]
INFO: [Synth 8-256] done synthesizing module 'bd_afc3_sbn_1' (85#1) [/home/rui/workspace/R20180914_dmaconverter/R20180914_dmaconverter.srcs/sources_1/bd/design_1/ip/design_1_axi_smc_0/bd_0/ip/ip_28/synth/bd_afc3_sbn_1.sv:58]
INFO: [Synth 8-638] synthesizing module 'bd_afc3_swn_1' [/home/rui/workspace/R20180914_dmaconverter/R20180914_dmaconverter.srcs/sources_1/bd/design_1/ip/design_1_axi_smc_0/bd_0/ip/ip_27/synth/bd_afc3_swn_1.sv:58]
INFO: [Synth 8-256] done synthesizing module 'bd_afc3_swn_1' (86#1) [/home/rui/workspace/R20180914_dmaconverter/R20180914_dmaconverter.srcs/sources_1/bd/design_1/ip/design_1_axi_smc_0/bd_0/ip/ip_27/synth/bd_afc3_swn_1.sv:58]
INFO: [Synth 8-256] done synthesizing module 's02_nodes_imp_16RLGGJ' (87#1) [/home/rui/workspace/R20180914_dmaconverter/R20180914_dmaconverter.srcs/sources_1/bd/design_1/ip/design_1_axi_smc_0/bd_0/hdl/bd_afc3.v:3786]
INFO: [Synth 8-638] synthesizing module 'switchboards_imp_4N4PBE' [/home/rui/workspace/R20180914_dmaconverter/R20180914_dmaconverter.srcs/sources_1/bd/design_1/ip/design_1_axi_smc_0/bd_0/hdl/bd_afc3.v:3972]
INFO: [Synth 8-638] synthesizing module 'bd_afc3_arsw_0' [/home/rui/workspace/R20180914_dmaconverter/R20180914_dmaconverter.srcs/sources_1/bd/design_1/ip/design_1_axi_smc_0/bd_0/ip/ip_2/synth/bd_afc3_arsw_0.sv:57]
INFO: [Synth 8-256] done synthesizing module 'bd_afc3_arsw_0' (90#1) [/home/rui/workspace/R20180914_dmaconverter/R20180914_dmaconverter.srcs/sources_1/bd/design_1/ip/design_1_axi_smc_0/bd_0/ip/ip_2/synth/bd_afc3_arsw_0.sv:57]
INFO: [Synth 8-638] synthesizing module 'bd_afc3_awsw_0' [/home/rui/workspace/R20180914_dmaconverter/R20180914_dmaconverter.srcs/sources_1/bd/design_1/ip/design_1_axi_smc_0/bd_0/ip/ip_4/synth/bd_afc3_awsw_0.sv:57]
INFO: [Synth 8-256] done synthesizing module 'bd_afc3_awsw_0' (91#1) [/home/rui/workspace/R20180914_dmaconverter/R20180914_dmaconverter.srcs/sources_1/bd/design_1/ip/design_1_axi_smc_0/bd_0/ip/ip_4/synth/bd_afc3_awsw_0.sv:57]
INFO: [Synth 8-638] synthesizing module 'bd_afc3_bsw_0' [/home/rui/workspace/R20180914_dmaconverter/R20180914_dmaconverter.srcs/sources_1/bd/design_1/ip/design_1_axi_smc_0/bd_0/ip/ip_6/synth/bd_afc3_bsw_0.sv:57]
INFO: [Synth 8-256] done synthesizing module 'bd_afc3_bsw_0' (92#1) [/home/rui/workspace/R20180914_dmaconverter/R20180914_dmaconverter.srcs/sources_1/bd/design_1/ip/design_1_axi_smc_0/bd_0/ip/ip_6/synth/bd_afc3_bsw_0.sv:57]
INFO: [Synth 8-638] synthesizing module 'bd_afc3_rsw_0' [/home/rui/workspace/R20180914_dmaconverter/R20180914_dmaconverter.srcs/sources_1/bd/design_1/ip/design_1_axi_smc_0/bd_0/ip/ip_3/synth/bd_afc3_rsw_0.sv:57]
INFO: [Synth 8-256] done synthesizing module 'bd_afc3_rsw_0' (93#1) [/home/rui/workspace/R20180914_dmaconverter/R20180914_dmaconverter.srcs/sources_1/bd/design_1/ip/design_1_axi_smc_0/bd_0/ip/ip_3/synth/bd_afc3_rsw_0.sv:57]
INFO: [Synth 8-638] synthesizing module 'bd_afc3_wsw_0' [/home/rui/workspace/R20180914_dmaconverter/R20180914_dmaconverter.srcs/sources_1/bd/design_1/ip/design_1_axi_smc_0/bd_0/ip/ip_5/synth/bd_afc3_wsw_0.sv:57]
INFO: [Synth 8-256] done synthesizing module 'bd_afc3_wsw_0' (94#1) [/home/rui/workspace/R20180914_dmaconverter/R20180914_dmaconverter.srcs/sources_1/bd/design_1/ip/design_1_axi_smc_0/bd_0/ip/ip_5/synth/bd_afc3_wsw_0.sv:57]
INFO: [Synth 8-256] done synthesizing module 'switchboards_imp_4N4PBE' (95#1) [/home/rui/workspace/R20180914_dmaconverter/R20180914_dmaconverter.srcs/sources_1/bd/design_1/ip/design_1_axi_smc_0/bd_0/hdl/bd_afc3.v:3972]
INFO: [Synth 8-256] done synthesizing module 'bd_afc3' (96#1) [/home/rui/workspace/R20180914_dmaconverter/R20180914_dmaconverter.srcs/sources_1/bd/design_1/ip/design_1_axi_smc_0/bd_0/hdl/bd_afc3.v:13]
INFO: [Synth 8-256] done synthesizing module 'design_1_axi_smc_0' (97#1) [/home/rui/workspace/R20180914_dmaconverter/R20180914_dmaconverter.srcs/sources_1/bd/design_1/ip/design_1_axi_smc_0/synth/design_1_axi_smc_0.v:57]
Finished RTL Elaboration : Time (s): cpu = 00:00:13 ; elapsed = 00:00:13 . Memory (MB): peak = 1418.625 ; gain = 240.500 ; free physical = 8302 ; free virtual = 27110
Finished RTL Optimization Phase 1 : Time (s): cpu = 00:00:14 ; elapsed = 00:00:14 . Memory (MB): peak = 1418.625 ; gain = 240.500 ; free physical = 8307 ; free virtual = 27115
INFO: [Device 21-403] Loading part xc7z020clg484-1
Constraint Validation Runtime : Time (s): cpu = 00:00:03 ; elapsed = 00:00:01 . Memory (MB): peak = 2250.531 ; gain = 68.000 ; free physical = 7614 ; free virtual = 26422
Finished Constraint Validation : Time (s): cpu = 00:00:45 ; elapsed = 00:00:43 . Memory (MB): peak = 2250.531 ; gain = 1072.406 ; free physical = 8096 ; free virtual = 26903
Finished Loading Part and Timing Information : Time (s): cpu = 00:00:45 ; elapsed = 00:00:43 . Memory (MB): peak = 2250.531 ; gain = 1072.406 ; free physical = 8096 ; free virtual = 26903
Finished applying 'set_property' XDC Constraints : Time (s): cpu = 00:00:45 ; elapsed = 00:00:43 . Memory (MB): peak = 2250.531 ; gain = 1072.406 ; free physical = 8101 ; free virtual = 26909
Finished RTL Optimization Phase 2 : Time (s): cpu = 00:00:48 ; elapsed = 00:00:47 . Memory (MB): peak = 2250.531 ; gain = 1072.406 ; free physical = 8042 ; free virtual = 26850
Finished Cross Boundary and Area Optimization : Time (s): cpu = 00:01:24 ; elapsed = 00:01:28 . Memory (MB): peak = 2250.531 ; gain = 1072.406 ; free physical = 8366 ; free virtual = 27176
---------------------------------------------------------------------------------
Start ROM, RAM, DSP and Shift Register Reporting
---------------------------------------------------------------------------------

Distributed RAM: Preliminary Mapping  Report (see note below)
+-----------------------------------------------------------------------------------------------------------------------------------------------------------------------------------+----------------------------------+----------------+----------------------+----------------+
|Module Name                                                                                                                                                                        | RTL Object                       | Inference      | Size (Depth x Width) | Primitives     | 
+-----------------------------------------------------------------------------------------------------------------------------------------------------------------------------------+----------------------------------+----------------+----------------------+----------------+
|inst/i_3/\m00_nodes/m00_ar_node/inst /\inst_mi_handler/gen_normal_area.gen_node_prog_full.inst_node_prog_full/gen_xpm_memory_fifo.inst_fifo/gen_mem_rep[0].inst_xpm_memory         | gen_wr_a.gen_word_narrow.mem_reg | User Attribute | 32 x 1               | RAM32X1D x 1   | 
|inst/i_3/\m00_nodes/m00_ar_node/inst /\inst_mi_handler/gen_normal_area.inst_fifo_node_payld/gen_xpm_memory_fifo.inst_fifo/gen_mem_rep[0].inst_xpm_memory                           | gen_wr_a.gen_word_narrow.mem_reg | User Attribute | 32 x 159             | RAM32M x 27    | 
|inst/i_3/\m00_nodes/m00_aw_node/inst /\inst_mi_handler/gen_normal_area.gen_node_prog_full.inst_node_prog_full/gen_xpm_memory_fifo.inst_fifo/gen_mem_rep[0].inst_xpm_memory         | gen_wr_a.gen_word_narrow.mem_reg | User Attribute | 32 x 1               | RAM32X1D x 1   | 
|inst/i_3/\m00_nodes/m00_aw_node/inst /\inst_mi_handler/gen_normal_area.inst_fifo_node_payld/gen_xpm_memory_fifo.inst_fifo/gen_mem_rep[0].inst_xpm_memory                           | gen_wr_a.gen_word_narrow.mem_reg | User Attribute | 32 x 159             | RAM32M x 27    | 
|inst/i_3/\m00_nodes/m00_b_node/inst /\inst_mi_handler/gen_normal_area.gen_fifo_req.inst_fifo_req/gen_xpm_memory_fifo.inst_fifo/gen_mem_rep[0].inst_xpm_memory                      | gen_wr_a.gen_word_narrow.mem_reg | User Attribute | 32 x 20              | RAM32M x 4     | 
|inst/i_3/\m00_nodes/m00_b_node/inst /\inst_mi_handler/gen_normal_area.inst_fifo_node_payld/gen_xpm_memory_fifo.inst_fifo/gen_mem_rep[0].inst_xpm_memory                            | gen_wr_a.gen_word_narrow.mem_reg | User Attribute | 32 x 8               | RAM32M x 2     | 
|inst/i_3/\m00_nodes/m00_r_node/inst /\inst_mi_handler/gen_normal_area.gen_fifo_req.inst_fifo_req/gen_xpm_memory_fifo.inst_fifo/gen_mem_rep[0].inst_xpm_memory                      | gen_wr_a.gen_word_narrow.mem_reg | User Attribute | 32 x 20              | RAM32M x 4     | 
|inst/i_3/\m00_nodes/m00_r_node/inst /\inst_mi_handler/gen_normal_area.inst_fifo_node_payld/gen_xpm_memory_fifo.inst_fifo/gen_mem_rep[0].inst_xpm_memory                            | gen_wr_a.gen_word_narrow.mem_reg | User Attribute | 32 x 86              | RAM32M x 15    | 
|inst/i_3/\m00_nodes/m00_w_node/inst /\inst_si_handler/gen_si_handler.gen_request_fifos.gen_req_fifo[0].inst_req_fifo/gen_xpm_memory_fifo.inst_fifo/gen_mem_rep[0].inst_xpm_memory  | gen_wr_a.gen_word_narrow.mem_reg | User Attribute | 4 x 1                | RAM16X1D x 1   | 
|inst/i_3/\m00_nodes/m00_w_node/inst /\inst_si_handler/gen_si_handler.gen_request_fifos.gen_req_fifo[1].inst_req_fifo/gen_xpm_memory_fifo.inst_fifo/gen_mem_rep[0].inst_xpm_memory  | gen_wr_a.gen_word_narrow.mem_reg | User Attribute | 4 x 1                | RAM16X1D x 1   | 
|inst/i_3/\m00_nodes/m00_w_node/inst /\inst_si_handler/gen_si_handler.gen_request_fifos.gen_req_fifo[2].inst_req_fifo/gen_xpm_memory_fifo.inst_fifo/gen_mem_rep[0].inst_xpm_memory  | gen_wr_a.gen_word_narrow.mem_reg | User Attribute | 4 x 1                | RAM16X1D x 1   | 
|inst/i_3/\m00_nodes/m00_w_node/inst /\inst_mi_handler/gen_normal_area.gen_node_prog_full.inst_node_prog_full/gen_xpm_memory_fifo.inst_fifo/gen_mem_rep[0].inst_xpm_memory          | gen_wr_a.gen_word_narrow.mem_reg | User Attribute | 32 x 1               | RAM32X1D x 1   | 
|inst/i_3/\m00_nodes/m00_w_node/inst /\inst_mi_handler/gen_normal_area.inst_fifo_node_payld/gen_xpm_memory_fifo.inst_fifo/gen_mem_rep[0].inst_xpm_memory                            | gen_wr_a.gen_word_narrow.mem_reg | User Attribute | 32 x 107             | RAM32M x 18    | 
|inst/i_3/\s00_nodes/s00_ar_node/inst /\inst_mi_handler/gen_normal_area.gen_fifo_req.inst_fifo_req/gen_xpm_memory_fifo.inst_fifo/gen_mem_rep[0].inst_xpm_memory                     | gen_wr_a.gen_word_narrow.mem_reg | User Attribute | 32 x 18              | RAM32M x 3     | 
|inst/i_3/\s00_nodes/s00_ar_node/inst /\inst_mi_handler/gen_normal_area.inst_fifo_node_payld/gen_xpm_memory_fifo.inst_fifo/gen_mem_rep[0].inst_xpm_memory                           | gen_wr_a.gen_word_narrow.mem_reg | User Attribute | 32 x 140             | RAM32M x 24    | 
|inst/i_3/\s00_nodes/s00_aw_node/inst /\inst_mi_handler/gen_normal_area.gen_fifo_req.inst_fifo_req/gen_xpm_memory_fifo.inst_fifo/gen_mem_rep[0].inst_xpm_memory                     | gen_wr_a.gen_word_narrow.mem_reg | User Attribute | 32 x 18              | RAM32M x 3     | 
|inst/i_3/\s00_nodes/s00_aw_node/inst /\inst_mi_handler/gen_normal_area.inst_fifo_node_payld/gen_xpm_memory_fifo.inst_fifo/gen_mem_rep[0].inst_xpm_memory                           | gen_wr_a.gen_word_narrow.mem_reg | User Attribute | 32 x 140             | RAM32M x 24    | 
|inst/i_3/\s00_nodes/s00_b_node/inst /\inst_mi_handler/gen_normal_area.gen_node_prog_full.inst_node_prog_full/gen_xpm_memory_fifo.inst_fifo/gen_mem_rep[0].inst_xpm_memory          | gen_wr_a.gen_word_narrow.mem_reg | User Attribute | 32 x 1               | RAM32X1D x 1   | 
|inst/i_3/\s00_nodes/s00_b_node/inst /\inst_mi_handler/gen_normal_area.inst_fifo_node_payld/gen_xpm_memory_fifo.inst_fifo/gen_mem_rep[0].inst_xpm_memory                            | gen_wr_a.gen_word_narrow.mem_reg | User Attribute | 32 x 26              | RAM32M x 5     | 
|inst/i_3/\s00_nodes/s00_r_node/inst /\inst_mi_handler/gen_normal_area.gen_node_prog_full.inst_node_prog_full/gen_xpm_memory_fifo.inst_fifo/gen_mem_rep[0].inst_xpm_memory          | gen_wr_a.gen_word_narrow.mem_reg | User Attribute | 32 x 1               | RAM32X1D x 1   | 
|inst/i_3/\s00_nodes/s00_r_node/inst /\inst_mi_handler/gen_normal_area.inst_fifo_node_payld/gen_xpm_memory_fifo.inst_fifo/gen_mem_rep[0].inst_xpm_memory                            | gen_wr_a.gen_word_narrow.mem_reg | User Attribute | 32 x 104             | RAM32M x 18    | 
|inst/i_3/\s00_nodes/s00_w_node/inst /\inst_mi_handler/gen_normal_area.gen_fifo_req.inst_fifo_req/gen_xpm_memory_fifo.inst_fifo/gen_mem_rep[0].inst_xpm_memory                      | gen_wr_a.gen_word_narrow.mem_reg | User Attribute | 32 x 18              | RAM32M x 3     | 
|inst/i_3/\s00_nodes/s00_w_node/inst /\inst_mi_handler/gen_normal_area.inst_fifo_node_payld/gen_xpm_memory_fifo.inst_fifo/gen_mem_rep[0].inst_xpm_memory                            | gen_wr_a.gen_word_narrow.mem_reg | User Attribute | 32 x 88              | RAM32M x 15    | 
|inst/i_3/\s01_nodes/s01_ar_node/inst /\inst_mi_handler/gen_normal_area.gen_fifo_req.inst_fifo_req/gen_xpm_memory_fifo.inst_fifo/gen_mem_rep[0].inst_xpm_memory                     | gen_wr_a.gen_word_narrow.mem_reg | User Attribute | 32 x 18              | RAM32M x 3     | 
|inst/i_3/\s01_nodes/s01_ar_node/inst /\inst_mi_handler/gen_normal_area.inst_fifo_node_payld/gen_xpm_memory_fifo.inst_fifo/gen_mem_rep[0].inst_xpm_memory                           | gen_wr_a.gen_word_narrow.mem_reg | User Attribute | 32 x 140             | RAM32M x 24    | 
|inst/i_3/\s01_nodes/s01_r_node/inst /\inst_mi_handler/gen_normal_area.gen_node_prog_full.inst_node_prog_full/gen_xpm_memory_fifo.inst_fifo/gen_mem_rep[0].inst_xpm_memory          | gen_wr_a.gen_word_narrow.mem_reg | User Attribute | 32 x 1               | RAM32X1D x 1   | 
|inst/i_3/\s01_nodes/s01_r_node/inst /\inst_mi_handler/gen_normal_area.inst_fifo_node_payld/gen_xpm_memory_fifo.inst_fifo/gen_mem_rep[0].inst_xpm_memory                            | gen_wr_a.gen_word_narrow.mem_reg | User Attribute | 32 x 104             | RAM32M x 18    | 
|inst/i_3/\s02_nodes/s02_aw_node/inst /\inst_mi_handler/gen_normal_area.gen_fifo_req.inst_fifo_req/gen_xpm_memory_fifo.inst_fifo/gen_mem_rep[0].inst_xpm_memory                     | gen_wr_a.gen_word_narrow.mem_reg | User Attribute | 32 x 18              | RAM32M x 3     | 
|inst/i_3/\s02_nodes/s02_aw_node/inst /\inst_mi_handler/gen_normal_area.inst_fifo_node_payld/gen_xpm_memory_fifo.inst_fifo/gen_mem_rep[0].inst_xpm_memory                           | gen_wr_a.gen_word_narrow.mem_reg | User Attribute | 32 x 140             | RAM32M x 24    | 
|inst/i_3/\s02_nodes/s02_b_node/inst /\inst_mi_handler/gen_normal_area.gen_node_prog_full.inst_node_prog_full/gen_xpm_memory_fifo.inst_fifo/gen_mem_rep[0].inst_xpm_memory          | gen_wr_a.gen_word_narrow.mem_reg | User Attribute | 32 x 1               | RAM32X1D x 1   | 
|inst/i_3/\s02_nodes/s02_b_node/inst /\inst_mi_handler/gen_normal_area.inst_fifo_node_payld/gen_xpm_memory_fifo.inst_fifo/gen_mem_rep[0].inst_xpm_memory                            | gen_wr_a.gen_word_narrow.mem_reg | User Attribute | 32 x 26              | RAM32M x 5     | 
|inst/i_3/\s02_nodes/s02_w_node/inst /\inst_mi_handler/gen_normal_area.gen_fifo_req.inst_fifo_req/gen_xpm_memory_fifo.inst_fifo/gen_mem_rep[0].inst_xpm_memory                      | gen_wr_a.gen_word_narrow.mem_reg | User Attribute | 32 x 18              | RAM32M x 3     | 
|inst/i_3/\s02_nodes/s02_w_node/inst /\inst_mi_handler/gen_normal_area.inst_fifo_node_payld/gen_xpm_memory_fifo.inst_fifo/gen_mem_rep[0].inst_xpm_memory                            | gen_wr_a.gen_word_narrow.mem_reg | User Attribute | 32 x 88              | RAM32M x 15    | 
+-----------------------------------------------------------------------------------------------------------------------------------------------------------------------------------+----------------------------------+----------------+----------------------+----------------+

Note: The table above is a preliminary report that shows the Distributed RAMs at the current stage of the synthesis flow. Some Distributed RAMs may be reimplemented as non Distributed RAM primitives later in the synthesis flow. Multiple instantiated RAMs are reported only once.
---------------------------------------------------------------------------------
Finished ROM, RAM, DSP and Shift Register Reporting
---------------------------------------------------------------------------------
Finished Applying XDC Timing Constraints : Time (s): cpu = 00:01:30 ; elapsed = 00:01:34 . Memory (MB): peak = 2250.531 ; gain = 1072.406 ; free physical = 8069 ; free virtual = 26880
Finished Timing Optimization : Time (s): cpu = 00:01:39 ; elapsed = 00:01:43 . Memory (MB): peak = 2250.531 ; gain = 1072.406 ; free physical = 7888 ; free virtual = 26698
Finished Technology Mapping : Time (s): cpu = 00:01:44 ; elapsed = 00:01:49 . Memory (MB): peak = 2250.531 ; gain = 1072.406 ; free physical = 7937 ; free virtual = 26747
Finished IO Insertion : Time (s): cpu = 00:01:45 ; elapsed = 00:01:50 . Memory (MB): peak = 2250.531 ; gain = 1072.406 ; free physical = 7936 ; free virtual = 26746
Finished Renaming Generated Instances : Time (s): cpu = 00:01:45 ; elapsed = 00:01:50 . Memory (MB): peak = 2250.531 ; gain = 1072.406 ; free physical = 7936 ; free virtual = 26746
Finished Rebuilding User Hierarchy : Time (s): cpu = 00:01:46 ; elapsed = 00:01:51 . Memory (MB): peak = 2250.531 ; gain = 1072.406 ; free physical = 7937 ; free virtual = 26747
Finished Renaming Generated Ports : Time (s): cpu = 00:01:46 ; elapsed = 00:01:51 . Memory (MB): peak = 2250.531 ; gain = 1072.406 ; free physical = 7937 ; free virtual = 26747
Finished Handling Custom Attributes : Time (s): cpu = 00:01:47 ; elapsed = 00:01:51 . Memory (MB): peak = 2250.531 ; gain = 1072.406 ; free physical = 7937 ; free virtual = 26747
Finished Renaming Generated Nets : Time (s): cpu = 00:01:47 ; elapsed = 00:01:51 . Memory (MB): peak = 2250.531 ; gain = 1072.406 ; free physical = 7937 ; free virtual = 26747

Report Cell Usage: 
+------+---------+------+
|      |Cell     |Count |
+------+---------+------+
|1     |CARRY4   |    16|
|2     |LUT1     |   192|
|3     |LUT2     |   413|
|4     |LUT3     |   242|
|5     |LUT4     |  1575|
|6     |LUT5     |   432|
|7     |LUT6     |  1038|
|8     |RAM16X1D |     3|
|9     |RAM32M   |   287|
|10    |RAM32X1D |     7|
|11    |SRL16    |     1|
|12    |SRLC32E  |    58|
|13    |FDR      |     4|
|14    |FDRE     |  3496|
|15    |FDSE     |   153|
+------+---------+------+
Finished Writing Synthesis Report : Time (s): cpu = 00:01:47 ; elapsed = 00:01:51 . Memory (MB): peak = 2250.531 ; gain = 1072.406 ; free physical = 7937 ; free virtual = 26747
synth_design: Time (s): cpu = 00:01:50 ; elapsed = 00:01:55 . Memory (MB): peak = 2250.539 ; gain = 1073.414 ; free physical = 7974 ; free virtual = 26784
