15:06:21 INFO  : Registering command handlers for SDK TCF services
15:06:26 INFO  : Launching XSCT server: xsct -n -interactive /home/rui/workspace/R20180914_dmaconverter/R20180914_dmaconverter.sdk/temp_xsdb_launch_script.tcl
15:06:27 INFO  : Validating SDSoC License...
15:06:27 INFO  : XSCT server has started successfully.
15:06:27 INFO  : Successfully done setting XSCT server connection channel  
15:06:27 INFO  : Successfully done setting SDK workspace  
15:06:27 INFO  : Processing command line option -hwspec /home/rui/workspace/R20180914_dmaconverter/R20180914_dmaconverter.sdk/design_1_wrapper.hdf.
15:06:27 INFO  : License available for SDSoC
15:06:27 INFO  : Validating SDAccel License...
15:06:27 INFO  : License for SDAccel is unavailable
15:10:34 INFO  : 'targets -set -filter {jtag_cable_name =~ "Digilent Zed 210248517824" && level==0} -index 1' command is executed.
15:10:34 INFO  : 'fpga -state' command is executed.
15:10:34 INFO  : Connected to target on host '127.0.0.1' and port '3121'.
15:10:35 INFO  : Jtag cable 'Digilent Zed 210248517824' is selected.
15:10:35 INFO  : 'jtag frequency' command is executed.
15:10:35 INFO  : Sourcing of '/home/rui/workspace/R20180914_dmaconverter/R20180914_dmaconverter.sdk/design_1_wrapper_hw_platform_0/ps7_init.tcl' is done.
15:10:35 INFO  : Context for 'APU' is selected.
15:10:35 INFO  : 'stop' command is executed.
15:10:35 INFO  : 'ps7_init' command is executed.
15:10:35 INFO  : 'ps7_post_config' command is executed.
15:10:35 INFO  : Context for processor 'ps7_cortexa9_0' is selected.
15:10:35 INFO  : Processor reset is completed for 'ps7_cortexa9_0'.
15:10:35 INFO  : Context for processor 'ps7_cortexa9_0' is selected.
15:10:35 INFO  : The application '/home/rui/workspace/R20180914_dmaconverter/R20180914_dmaconverter.sdk/multipoll/Debug/multipoll.elf' is downloaded to processor 'ps7_cortexa9_0'.
15:10:35 INFO  : ----------------XSDB Script----------------
connect -url tcp:127.0.0.1:3121
source /home/rui/workspace/R20180914_dmaconverter/R20180914_dmaconverter.sdk/design_1_wrapper_hw_platform_0/ps7_init.tcl
targets -set -nocase -filter {name =~"APU*" && jtag_cable_name =~ "Digilent Zed 210248517824"} -index 0
stop
ps7_init
ps7_post_config
targets -set -nocase -filter {name =~ "ARM*#0" && jtag_cable_name =~ "Digilent Zed 210248517824"} -index 0
rst -processor
targets -set -nocase -filter {name =~ "ARM*#0" && jtag_cable_name =~ "Digilent Zed 210248517824"} -index 0
dow /home/rui/workspace/R20180914_dmaconverter/R20180914_dmaconverter.sdk/multipoll/Debug/multipoll.elf
----------------End of Script----------------

15:10:36 INFO  : Memory regions updated for context APU
15:10:36 INFO  : Context for processor 'ps7_cortexa9_0' is selected.
15:10:36 INFO  : 'con' command is executed.
15:10:36 INFO  : ----------------XSDB Script (After Launch)----------------
targets -set -nocase -filter {name =~ "ARM*#0" && jtag_cable_name =~ "Digilent Zed 210248517824"} -index 0
con
----------------End of Script----------------

15:10:36 INFO  : Launch script is exported to file '/home/rui/workspace/R20180914_dmaconverter/R20180914_dmaconverter.sdk/.sdk/launch_scripts/xilinx_c-c++_application_(system_debugger)/system_debugger_using_debug_multipoll.elf_on_local.tcl'
15:11:33 INFO  : Disconnected from the channel tcfchan#1.
15:11:34 INFO  : 'targets -set -filter {jtag_cable_name =~ "Digilent Zed 210248517824" && level==0} -index 1' command is executed.
15:11:35 INFO  : 'fpga -state' command is executed.
15:11:35 INFO  : Connected to target on host '127.0.0.1' and port '3121'.
15:11:35 INFO  : Jtag cable 'Digilent Zed 210248517824' is selected.
15:11:35 INFO  : 'jtag frequency' command is executed.
15:11:35 INFO  : Sourcing of '/home/rui/workspace/R20180914_dmaconverter/R20180914_dmaconverter.sdk/design_1_wrapper_hw_platform_0/ps7_init.tcl' is done.
15:11:35 INFO  : Context for 'APU' is selected.
15:11:35 INFO  : 'stop' command is executed.
15:11:38 INFO  : 'ps7_init' command is executed.
15:11:38 INFO  : 'ps7_post_config' command is executed.
15:11:38 INFO  : Context for processor 'ps7_cortexa9_0' is selected.
15:11:38 INFO  : Processor reset is completed for 'ps7_cortexa9_0'.
15:11:38 INFO  : Context for processor 'ps7_cortexa9_0' is selected.
15:11:40 ERROR : Memory write error at 0x100000. AP transaction timeout
15:11:40 INFO  : ----------------XSDB Script----------------
connect -url tcp:127.0.0.1:3121
source /home/rui/workspace/R20180914_dmaconverter/R20180914_dmaconverter.sdk/design_1_wrapper_hw_platform_0/ps7_init.tcl
targets -set -nocase -filter {name =~"APU*" && jtag_cable_name =~ "Digilent Zed 210248517824"} -index 0
stop
ps7_init
ps7_post_config
targets -set -nocase -filter {name =~ "ARM*#0" && jtag_cable_name =~ "Digilent Zed 210248517824"} -index 0
rst -processor
targets -set -nocase -filter {name =~ "ARM*#0" && jtag_cable_name =~ "Digilent Zed 210248517824"} -index 0
dow /home/rui/workspace/R20180914_dmaconverter/R20180914_dmaconverter.sdk/multipoll/Debug/multipoll.elf
----------------End of Script----------------

15:12:17 INFO  : 'targets -set -filter {jtag_cable_name =~ "Digilent Zed 210248517824" && level==0} -index 1' command is executed.
15:12:17 INFO  : 'fpga -state' command is executed.
15:12:17 INFO  : Connected to target on host '127.0.0.1' and port '3121'.
15:12:17 INFO  : Jtag cable 'Digilent Zed 210248517824' is selected.
15:12:17 INFO  : 'jtag frequency' command is executed.
15:12:17 INFO  : Sourcing of '/home/rui/workspace/R20180914_dmaconverter/R20180914_dmaconverter.sdk/design_1_wrapper_hw_platform_0/ps7_init.tcl' is done.
15:12:17 INFO  : Context for 'APU' is selected.
15:12:17 INFO  : 'stop' command is executed.
15:12:17 ERROR : AP transaction error, DAP status f0000021
15:12:17 INFO  : ----------------XSDB Script----------------
connect -url tcp:127.0.0.1:3121
source /home/rui/workspace/R20180914_dmaconverter/R20180914_dmaconverter.sdk/design_1_wrapper_hw_platform_0/ps7_init.tcl
targets -set -nocase -filter {name =~"APU*" && jtag_cable_name =~ "Digilent Zed 210248517824"} -index 0
stop
ps7_init
----------------End of Script----------------

15:12:31 INFO  : 'targets -set -filter {jtag_cable_name =~ "Digilent Zed 210248517824" && level==0} -index 1' command is executed.
15:12:31 INFO  : 'fpga -state' command is executed.
15:12:31 INFO  : Connected to target on host '127.0.0.1' and port '3121'.
15:12:31 INFO  : Jtag cable 'Digilent Zed 210248517824' is selected.
15:12:31 INFO  : 'jtag frequency' command is executed.
15:12:31 INFO  : Sourcing of '/home/rui/workspace/R20180914_dmaconverter/R20180914_dmaconverter.sdk/design_1_wrapper_hw_platform_0/ps7_init.tcl' is done.
15:12:31 INFO  : Context for 'APU' is selected.
15:12:31 INFO  : 'stop' command is executed.
15:12:31 ERROR : AP transaction error, DAP status f0000021
15:12:31 INFO  : ----------------XSDB Script----------------
connect -url tcp:127.0.0.1:3121
source /home/rui/workspace/R20180914_dmaconverter/R20180914_dmaconverter.sdk/design_1_wrapper_hw_platform_0/ps7_init.tcl
targets -set -nocase -filter {name =~"APU*" && jtag_cable_name =~ "Digilent Zed 210248517824"} -index 0
stop
ps7_init
----------------End of Script----------------

15:13:39 INFO  : 'targets -set -filter {jtag_cable_name =~ "Digilent Zed 210248517824" && level==0} -index 1' command is executed.
15:13:39 INFO  : 'fpga -state' command is executed.
15:13:39 INFO  : Connected to target on host '127.0.0.1' and port '3121'.
15:13:39 INFO  : Jtag cable 'Digilent Zed 210248517824' is selected.
15:13:39 INFO  : 'jtag frequency' command is executed.
15:13:39 INFO  : Sourcing of '/home/rui/workspace/R20180914_dmaconverter/R20180914_dmaconverter.sdk/design_1_wrapper_hw_platform_0/ps7_init.tcl' is done.
15:13:39 INFO  : Context for 'APU' is selected.
15:13:39 INFO  : 'stop' command is executed.
15:13:39 ERROR : AP transaction error, DAP status f0000021
15:13:39 INFO  : ----------------XSDB Script----------------
connect -url tcp:127.0.0.1:3121
source /home/rui/workspace/R20180914_dmaconverter/R20180914_dmaconverter.sdk/design_1_wrapper_hw_platform_0/ps7_init.tcl
targets -set -nocase -filter {name =~"APU*" && jtag_cable_name =~ "Digilent Zed 210248517824"} -index 0
stop
ps7_init
----------------End of Script----------------

15:14:58 INFO  : 'targets -set -filter {jtag_cable_name =~ "Digilent Zed 210248517824" && level==0} -index 1' command is executed.
15:14:58 INFO  : 'fpga -state' command is executed.
15:14:58 INFO  : Connected to target on host '127.0.0.1' and port '3121'.
15:14:58 INFO  : Jtag cable 'Digilent Zed 210248517824' is selected.
15:14:58 INFO  : 'jtag frequency' command is executed.
15:14:58 INFO  : Sourcing of '/home/rui/workspace/R20180914_dmaconverter/R20180914_dmaconverter.sdk/design_1_wrapper_hw_platform_0/ps7_init.tcl' is done.
15:14:58 INFO  : Context for 'APU' is selected.
15:14:58 INFO  : 'stop' command is executed.
15:14:59 INFO  : 'ps7_init' command is executed.
15:14:59 INFO  : 'ps7_post_config' command is executed.
15:14:59 INFO  : Context for processor 'ps7_cortexa9_0' is selected.
15:14:59 INFO  : Processor reset is completed for 'ps7_cortexa9_0'.
15:14:59 INFO  : Context for processor 'ps7_cortexa9_0' is selected.
15:14:59 INFO  : The application '/home/rui/workspace/R20180914_dmaconverter/R20180914_dmaconverter.sdk/multipoll/Debug/multipoll.elf' is downloaded to processor 'ps7_cortexa9_0'.
15:14:59 INFO  : ----------------XSDB Script----------------
connect -url tcp:127.0.0.1:3121
source /home/rui/workspace/R20180914_dmaconverter/R20180914_dmaconverter.sdk/design_1_wrapper_hw_platform_0/ps7_init.tcl
targets -set -nocase -filter {name =~"APU*" && jtag_cable_name =~ "Digilent Zed 210248517824"} -index 0
stop
ps7_init
ps7_post_config
targets -set -nocase -filter {name =~ "ARM*#0" && jtag_cable_name =~ "Digilent Zed 210248517824"} -index 0
rst -processor
targets -set -nocase -filter {name =~ "ARM*#0" && jtag_cable_name =~ "Digilent Zed 210248517824"} -index 0
dow /home/rui/workspace/R20180914_dmaconverter/R20180914_dmaconverter.sdk/multipoll/Debug/multipoll.elf
----------------End of Script----------------

15:14:59 INFO  : Memory regions updated for context APU
15:14:59 INFO  : Context for processor 'ps7_cortexa9_0' is selected.
15:14:59 INFO  : 'con' command is executed.
15:14:59 INFO  : ----------------XSDB Script (After Launch)----------------
targets -set -nocase -filter {name =~ "ARM*#0" && jtag_cable_name =~ "Digilent Zed 210248517824"} -index 0
con
----------------End of Script----------------

15:14:59 INFO  : Launch script is exported to file '/home/rui/workspace/R20180914_dmaconverter/R20180914_dmaconverter.sdk/.sdk/launch_scripts/xilinx_c-c++_application_(system_debugger)/system_debugger_using_debug_multipoll.elf_on_local.tcl'
15:15:43 INFO  : Disconnected from the channel tcfchan#2.
15:15:44 INFO  : 'targets -set -filter {jtag_cable_name =~ "Digilent Zed 210248517824" && level==0} -index 1' command is executed.
15:15:44 INFO  : 'fpga -state' command is executed.
15:15:44 INFO  : Connected to target on host '127.0.0.1' and port '3121'.
15:15:44 INFO  : Jtag cable 'Digilent Zed 210248517824' is selected.
15:15:44 INFO  : 'jtag frequency' command is executed.
15:15:44 INFO  : Sourcing of '/home/rui/workspace/R20180914_dmaconverter/R20180914_dmaconverter.sdk/design_1_wrapper_hw_platform_0/ps7_init.tcl' is done.
15:15:44 INFO  : Context for 'APU' is selected.
15:15:44 INFO  : 'stop' command is executed.
15:15:45 INFO  : 'ps7_init' command is executed.
15:15:45 INFO  : 'ps7_post_config' command is executed.
15:15:45 INFO  : Context for processor 'ps7_cortexa9_0' is selected.
15:15:45 INFO  : Processor reset is completed for 'ps7_cortexa9_0'.
15:15:45 INFO  : Context for processor 'ps7_cortexa9_0' is selected.
15:15:45 INFO  : The application '/home/rui/workspace/R20180914_dmaconverter/R20180914_dmaconverter.sdk/multipoll/Debug/multipoll.elf' is downloaded to processor 'ps7_cortexa9_0'.
15:15:45 INFO  : ----------------XSDB Script----------------
connect -url tcp:127.0.0.1:3121
source /home/rui/workspace/R20180914_dmaconverter/R20180914_dmaconverter.sdk/design_1_wrapper_hw_platform_0/ps7_init.tcl
targets -set -nocase -filter {name =~"APU*" && jtag_cable_name =~ "Digilent Zed 210248517824"} -index 0
stop
ps7_init
ps7_post_config
targets -set -nocase -filter {name =~ "ARM*#0" && jtag_cable_name =~ "Digilent Zed 210248517824"} -index 0
rst -processor
targets -set -nocase -filter {name =~ "ARM*#0" && jtag_cable_name =~ "Digilent Zed 210248517824"} -index 0
dow /home/rui/workspace/R20180914_dmaconverter/R20180914_dmaconverter.sdk/multipoll/Debug/multipoll.elf
----------------End of Script----------------

15:15:45 INFO  : Memory regions updated for context APU
15:15:45 INFO  : Context for processor 'ps7_cortexa9_0' is selected.
15:15:45 INFO  : 'con' command is executed.
15:15:45 INFO  : ----------------XSDB Script (After Launch)----------------
targets -set -nocase -filter {name =~ "ARM*#0" && jtag_cable_name =~ "Digilent Zed 210248517824"} -index 0
con
----------------End of Script----------------

15:15:45 INFO  : Launch script is exported to file '/home/rui/workspace/R20180914_dmaconverter/R20180914_dmaconverter.sdk/.sdk/launch_scripts/xilinx_c-c++_application_(system_debugger)/system_debugger_using_debug_multipoll.elf_on_local.tcl'
15:16:29 INFO  : Disconnected from the channel tcfchan#3.
15:16:30 INFO  : 'targets -set -filter {jtag_cable_name =~ "Digilent Zed 210248517824" && level==0} -index 1' command is executed.
15:16:30 INFO  : 'fpga -state' command is executed.
15:16:30 INFO  : Connected to target on host '127.0.0.1' and port '3121'.
15:16:31 INFO  : Jtag cable 'Digilent Zed 210248517824' is selected.
15:16:31 INFO  : 'jtag frequency' command is executed.
15:16:31 INFO  : Sourcing of '/home/rui/workspace/R20180914_dmaconverter/R20180914_dmaconverter.sdk/design_1_wrapper_hw_platform_0/ps7_init.tcl' is done.
15:16:31 INFO  : Context for 'APU' is selected.
15:16:31 INFO  : 'stop' command is executed.
15:16:31 INFO  : 'ps7_init' command is executed.
15:16:31 INFO  : 'ps7_post_config' command is executed.
15:16:31 INFO  : Context for processor 'ps7_cortexa9_0' is selected.
15:16:31 INFO  : Processor reset is completed for 'ps7_cortexa9_0'.
15:16:31 INFO  : Context for processor 'ps7_cortexa9_0' is selected.
15:16:31 INFO  : The application '/home/rui/workspace/R20180914_dmaconverter/R20180914_dmaconverter.sdk/multipoll/Debug/multipoll.elf' is downloaded to processor 'ps7_cortexa9_0'.
15:16:31 INFO  : ----------------XSDB Script----------------
connect -url tcp:127.0.0.1:3121
source /home/rui/workspace/R20180914_dmaconverter/R20180914_dmaconverter.sdk/design_1_wrapper_hw_platform_0/ps7_init.tcl
targets -set -nocase -filter {name =~"APU*" && jtag_cable_name =~ "Digilent Zed 210248517824"} -index 0
stop
ps7_init
ps7_post_config
targets -set -nocase -filter {name =~ "ARM*#0" && jtag_cable_name =~ "Digilent Zed 210248517824"} -index 0
rst -processor
targets -set -nocase -filter {name =~ "ARM*#0" && jtag_cable_name =~ "Digilent Zed 210248517824"} -index 0
dow /home/rui/workspace/R20180914_dmaconverter/R20180914_dmaconverter.sdk/multipoll/Debug/multipoll.elf
----------------End of Script----------------

15:16:31 INFO  : Memory regions updated for context APU
15:16:31 INFO  : Context for processor 'ps7_cortexa9_0' is selected.
15:16:31 INFO  : 'con' command is executed.
15:16:31 INFO  : ----------------XSDB Script (After Launch)----------------
targets -set -nocase -filter {name =~ "ARM*#0" && jtag_cable_name =~ "Digilent Zed 210248517824"} -index 0
con
----------------End of Script----------------

15:16:31 INFO  : Launch script is exported to file '/home/rui/workspace/R20180914_dmaconverter/R20180914_dmaconverter.sdk/.sdk/launch_scripts/xilinx_c-c++_application_(system_debugger)/system_debugger_using_debug_multipoll.elf_on_local.tcl'
15:17:05 INFO  : Disconnected from the channel tcfchan#4.
15:17:06 INFO  : 'targets -set -filter {jtag_cable_name =~ "Digilent Zed 210248517824" && level==0} -index 1' command is executed.
15:17:06 INFO  : 'fpga -state' command is executed.
15:17:06 INFO  : Connected to target on host '127.0.0.1' and port '3121'.
15:17:06 INFO  : Jtag cable 'Digilent Zed 210248517824' is selected.
15:17:06 INFO  : 'jtag frequency' command is executed.
15:17:06 INFO  : Sourcing of '/home/rui/workspace/R20180914_dmaconverter/R20180914_dmaconverter.sdk/design_1_wrapper_hw_platform_0/ps7_init.tcl' is done.
15:17:06 INFO  : Context for 'APU' is selected.
15:17:06 INFO  : 'stop' command is executed.
15:17:06 INFO  : 'ps7_init' command is executed.
15:17:06 INFO  : 'ps7_post_config' command is executed.
15:17:06 INFO  : Context for processor 'ps7_cortexa9_0' is selected.
15:17:06 INFO  : Processor reset is completed for 'ps7_cortexa9_0'.
15:17:06 INFO  : Context for processor 'ps7_cortexa9_0' is selected.
15:17:07 INFO  : The application '/home/rui/workspace/R20180914_dmaconverter/R20180914_dmaconverter.sdk/multipoll/Debug/multipoll.elf' is downloaded to processor 'ps7_cortexa9_0'.
15:17:07 INFO  : ----------------XSDB Script----------------
connect -url tcp:127.0.0.1:3121
source /home/rui/workspace/R20180914_dmaconverter/R20180914_dmaconverter.sdk/design_1_wrapper_hw_platform_0/ps7_init.tcl
targets -set -nocase -filter {name =~"APU*" && jtag_cable_name =~ "Digilent Zed 210248517824"} -index 0
stop
ps7_init
ps7_post_config
targets -set -nocase -filter {name =~ "ARM*#0" && jtag_cable_name =~ "Digilent Zed 210248517824"} -index 0
rst -processor
targets -set -nocase -filter {name =~ "ARM*#0" && jtag_cable_name =~ "Digilent Zed 210248517824"} -index 0
dow /home/rui/workspace/R20180914_dmaconverter/R20180914_dmaconverter.sdk/multipoll/Debug/multipoll.elf
----------------End of Script----------------

15:17:07 INFO  : Memory regions updated for context APU
15:17:07 INFO  : Context for processor 'ps7_cortexa9_0' is selected.
15:17:07 INFO  : 'con' command is executed.
15:17:07 INFO  : ----------------XSDB Script (After Launch)----------------
targets -set -nocase -filter {name =~ "ARM*#0" && jtag_cable_name =~ "Digilent Zed 210248517824"} -index 0
con
----------------End of Script----------------

15:17:07 INFO  : Launch script is exported to file '/home/rui/workspace/R20180914_dmaconverter/R20180914_dmaconverter.sdk/.sdk/launch_scripts/xilinx_c-c++_application_(system_debugger)/system_debugger_using_debug_multipoll.elf_on_local.tcl'
15:48:33 INFO  : SDK has detected change in the last modified timestamps for source hardware specification file Source:1536954478000,  Project:1536948438000
15:48:33 INFO  : Project design_1_wrapper_hw_platform_0's source hardware specification located at /home/rui/workspace/R20180914_dmaconverter/R20180914_dmaconverter.sdk/design_1_wrapper.hdf is now different from the local copy.
		 The local copy will be replaced with the source specification and your workspace will be updated.
15:48:56 INFO  : Copied contents of /home/rui/workspace/R20180914_dmaconverter/R20180914_dmaconverter.sdk/design_1_wrapper.hdf into /design_1_wrapper_hw_platform_0/system.hdf.
15:48:59 INFO  : Synchronizing projects in the workspace with the hardware platform specification changes.
15:49:00 INFO  : 
15:49:01 INFO  : Updating hardware inferred compiler options for multipoll.
15:49:01 INFO  : Clearing existing target manager status.
15:49:03 INFO  : Closing and re-opening the MSS file of ther project multipoll_bsp
15:49:04 INFO  : Workspace synchronized with the new hardware specification file. Cleaning dependent projects...
15:49:04 WARN  : Linker script will not be updated automatically. Users need to update it manually.
15:49:32 INFO  : Disconnected from the channel tcfchan#5.
15:49:33 INFO  : 'targets -set -filter {jtag_cable_name =~ "Digilent Zed 210248517824" && level==0} -index 1' command is executed.
15:49:33 INFO  : 'fpga -state' command is executed.
15:49:33 INFO  : Connected to target on host '127.0.0.1' and port '3121'.
15:49:33 INFO  : Jtag cable 'Digilent Zed 210248517824' is selected.
15:49:33 INFO  : 'jtag frequency' command is executed.
15:49:33 INFO  : Sourcing of '/home/rui/workspace/R20180914_dmaconverter/R20180914_dmaconverter.sdk/design_1_wrapper_hw_platform_0/ps7_init.tcl' is done.
15:49:33 INFO  : Context for 'APU' is selected.
15:49:33 INFO  : 'stop' command is executed.
15:49:33 INFO  : 'ps7_init' command is executed.
15:49:33 INFO  : 'ps7_post_config' command is executed.
15:49:33 INFO  : Context for processor 'ps7_cortexa9_0' is selected.
15:49:33 INFO  : Processor reset is completed for 'ps7_cortexa9_0'.
15:49:33 INFO  : Context for processor 'ps7_cortexa9_0' is selected.
15:49:34 INFO  : The application '/home/rui/workspace/R20180914_dmaconverter/R20180914_dmaconverter.sdk/multipoll/Debug/multipoll.elf' is downloaded to processor 'ps7_cortexa9_0'.
15:49:34 INFO  : ----------------XSDB Script----------------
connect -url tcp:127.0.0.1:3121
source /home/rui/workspace/R20180914_dmaconverter/R20180914_dmaconverter.sdk/design_1_wrapper_hw_platform_0/ps7_init.tcl
targets -set -nocase -filter {name =~"APU*" && jtag_cable_name =~ "Digilent Zed 210248517824"} -index 0
stop
ps7_init
ps7_post_config
targets -set -nocase -filter {name =~ "ARM*#0" && jtag_cable_name =~ "Digilent Zed 210248517824"} -index 0
rst -processor
targets -set -nocase -filter {name =~ "ARM*#0" && jtag_cable_name =~ "Digilent Zed 210248517824"} -index 0
dow /home/rui/workspace/R20180914_dmaconverter/R20180914_dmaconverter.sdk/multipoll/Debug/multipoll.elf
----------------End of Script----------------

15:49:34 INFO  : Memory regions updated for context APU
15:49:34 INFO  : Context for processor 'ps7_cortexa9_0' is selected.
15:49:34 INFO  : 'con' command is executed.
15:49:34 INFO  : ----------------XSDB Script (After Launch)----------------
targets -set -nocase -filter {name =~ "ARM*#0" && jtag_cable_name =~ "Digilent Zed 210248517824"} -index 0
con
----------------End of Script----------------

15:49:34 INFO  : Launch script is exported to file '/home/rui/workspace/R20180914_dmaconverter/R20180914_dmaconverter.sdk/.sdk/launch_scripts/xilinx_c-c++_application_(system_debugger)/system_debugger_using_debug_multipoll.elf_on_local.tcl'
15:50:11 INFO  : Disconnected from the channel tcfchan#6.
15:50:12 INFO  : 'targets -set -filter {jtag_cable_name =~ "Digilent Zed 210248517824" && level==0} -index 1' command is executed.
15:50:12 INFO  : 'fpga -state' command is executed.
15:50:12 INFO  : Connected to target on host '127.0.0.1' and port '3121'.
15:50:12 INFO  : Jtag cable 'Digilent Zed 210248517824' is selected.
15:50:12 INFO  : 'jtag frequency' command is executed.
15:50:12 INFO  : Sourcing of '/home/rui/workspace/R20180914_dmaconverter/R20180914_dmaconverter.sdk/design_1_wrapper_hw_platform_0/ps7_init.tcl' is done.
15:50:12 INFO  : Context for 'APU' is selected.
15:50:12 INFO  : 'stop' command is executed.
15:50:12 INFO  : 'ps7_init' command is executed.
15:50:12 INFO  : 'ps7_post_config' command is executed.
15:50:12 INFO  : Context for processor 'ps7_cortexa9_0' is selected.
15:50:12 INFO  : Processor reset is completed for 'ps7_cortexa9_0'.
15:50:12 INFO  : Context for processor 'ps7_cortexa9_0' is selected.
15:50:13 INFO  : The application '/home/rui/workspace/R20180914_dmaconverter/R20180914_dmaconverter.sdk/multipoll/Debug/multipoll.elf' is downloaded to processor 'ps7_cortexa9_0'.
15:50:13 INFO  : ----------------XSDB Script----------------
connect -url tcp:127.0.0.1:3121
source /home/rui/workspace/R20180914_dmaconverter/R20180914_dmaconverter.sdk/design_1_wrapper_hw_platform_0/ps7_init.tcl
targets -set -nocase -filter {name =~"APU*" && jtag_cable_name =~ "Digilent Zed 210248517824"} -index 0
stop
ps7_init
ps7_post_config
targets -set -nocase -filter {name =~ "ARM*#0" && jtag_cable_name =~ "Digilent Zed 210248517824"} -index 0
rst -processor
targets -set -nocase -filter {name =~ "ARM*#0" && jtag_cable_name =~ "Digilent Zed 210248517824"} -index 0
dow /home/rui/workspace/R20180914_dmaconverter/R20180914_dmaconverter.sdk/multipoll/Debug/multipoll.elf
----------------End of Script----------------

15:50:13 INFO  : Memory regions updated for context APU
15:50:13 INFO  : Context for processor 'ps7_cortexa9_0' is selected.
15:50:13 INFO  : 'con' command is executed.
15:50:13 INFO  : ----------------XSDB Script (After Launch)----------------
targets -set -nocase -filter {name =~ "ARM*#0" && jtag_cable_name =~ "Digilent Zed 210248517824"} -index 0
con
----------------End of Script----------------

15:50:13 INFO  : Launch script is exported to file '/home/rui/workspace/R20180914_dmaconverter/R20180914_dmaconverter.sdk/.sdk/launch_scripts/xilinx_c-c++_application_(system_debugger)/system_debugger_using_debug_multipoll.elf_on_local.tcl'
15:54:22 INFO  : Disconnected from the channel tcfchan#7.
15:54:24 INFO  : 'targets -set -filter {jtag_cable_name =~ "Digilent Zed 210248517824" && level==0} -index 1' command is executed.
15:54:24 INFO  : 'fpga -state' command is executed.
15:54:24 INFO  : Connected to target on host '127.0.0.1' and port '3121'.
15:54:24 INFO  : Jtag cable 'Digilent Zed 210248517824' is selected.
15:54:24 INFO  : 'jtag frequency' command is executed.
15:54:24 INFO  : Sourcing of '/home/rui/workspace/R20180914_dmaconverter/R20180914_dmaconverter.sdk/design_1_wrapper_hw_platform_0/ps7_init.tcl' is done.
15:54:24 INFO  : Context for 'APU' is selected.
15:54:24 INFO  : 'stop' command is executed.
15:54:24 INFO  : 'ps7_init' command is executed.
15:54:24 INFO  : 'ps7_post_config' command is executed.
15:54:24 INFO  : Context for processor 'ps7_cortexa9_0' is selected.
15:54:24 INFO  : Processor reset is completed for 'ps7_cortexa9_0'.
15:54:24 INFO  : Context for processor 'ps7_cortexa9_0' is selected.
15:54:24 INFO  : The application '/home/rui/workspace/R20180914_dmaconverter/R20180914_dmaconverter.sdk/multipoll/Debug/multipoll.elf' is downloaded to processor 'ps7_cortexa9_0'.
15:54:24 INFO  : ----------------XSDB Script----------------
connect -url tcp:127.0.0.1:3121
source /home/rui/workspace/R20180914_dmaconverter/R20180914_dmaconverter.sdk/design_1_wrapper_hw_platform_0/ps7_init.tcl
targets -set -nocase -filter {name =~"APU*" && jtag_cable_name =~ "Digilent Zed 210248517824"} -index 0
stop
ps7_init
ps7_post_config
targets -set -nocase -filter {name =~ "ARM*#0" && jtag_cable_name =~ "Digilent Zed 210248517824"} -index 0
rst -processor
targets -set -nocase -filter {name =~ "ARM*#0" && jtag_cable_name =~ "Digilent Zed 210248517824"} -index 0
dow /home/rui/workspace/R20180914_dmaconverter/R20180914_dmaconverter.sdk/multipoll/Debug/multipoll.elf
----------------End of Script----------------

15:54:24 INFO  : Memory regions updated for context APU
15:54:25 INFO  : Context for processor 'ps7_cortexa9_0' is selected.
15:54:25 INFO  : 'con' command is executed.
15:54:25 INFO  : ----------------XSDB Script (After Launch)----------------
targets -set -nocase -filter {name =~ "ARM*#0" && jtag_cable_name =~ "Digilent Zed 210248517824"} -index 0
con
----------------End of Script----------------

15:54:25 INFO  : Launch script is exported to file '/home/rui/workspace/R20180914_dmaconverter/R20180914_dmaconverter.sdk/.sdk/launch_scripts/xilinx_c-c++_application_(system_debugger)/system_debugger_using_debug_multipoll.elf_on_local.tcl'
17:11:18 INFO  : SDK has detected change in the last modified timestamps for source hardware specification file Source:1536959432000,  Project:1536954478000
17:11:18 INFO  : Project design_1_wrapper_hw_platform_0's source hardware specification located at /home/rui/workspace/R20180914_dmaconverter/R20180914_dmaconverter.sdk/design_1_wrapper.hdf is now different from the local copy.
		 The local copy will be replaced with the source specification and your workspace will be updated.
17:11:25 INFO  : Copied contents of /home/rui/workspace/R20180914_dmaconverter/R20180914_dmaconverter.sdk/design_1_wrapper.hdf into /design_1_wrapper_hw_platform_0/system.hdf.
17:11:28 INFO  : Synchronizing projects in the workspace with the hardware platform specification changes.
17:11:29 INFO  : 
17:11:29 INFO  : Updating hardware inferred compiler options for multipoll.
17:11:29 INFO  : Clearing existing target manager status.
17:11:29 INFO  : Closing and re-opening the MSS file of ther project multipoll_bsp
17:11:30 INFO  : Workspace synchronized with the new hardware specification file. Cleaning dependent projects...
17:11:30 WARN  : Linker script will not be updated automatically. Users need to update it manually.
17:12:15 INFO  : Disconnected from the channel tcfchan#8.
17:12:16 INFO  : 'targets -set -filter {jtag_cable_name =~ "Digilent Zed 210248517824" && level==0} -index 1' command is executed.
17:12:16 INFO  : 'fpga -state' command is executed.
17:12:16 INFO  : Connected to target on host '127.0.0.1' and port '3121'.
17:12:17 INFO  : Jtag cable 'Digilent Zed 210248517824' is selected.
17:12:17 INFO  : 'jtag frequency' command is executed.
17:12:17 INFO  : Sourcing of '/home/rui/workspace/R20180914_dmaconverter/R20180914_dmaconverter.sdk/design_1_wrapper_hw_platform_0/ps7_init.tcl' is done.
17:12:17 INFO  : Context for 'APU' is selected.
17:12:17 INFO  : 'stop' command is executed.
17:12:17 INFO  : 'ps7_init' command is executed.
17:12:17 INFO  : 'ps7_post_config' command is executed.
17:12:17 INFO  : Context for processor 'ps7_cortexa9_0' is selected.
17:12:17 INFO  : Processor reset is completed for 'ps7_cortexa9_0'.
17:12:17 INFO  : Context for processor 'ps7_cortexa9_0' is selected.
17:12:17 INFO  : The application '/home/rui/workspace/R20180914_dmaconverter/R20180914_dmaconverter.sdk/multipoll/Debug/multipoll.elf' is downloaded to processor 'ps7_cortexa9_0'.
17:12:17 INFO  : ----------------XSDB Script----------------
connect -url tcp:127.0.0.1:3121
source /home/rui/workspace/R20180914_dmaconverter/R20180914_dmaconverter.sdk/design_1_wrapper_hw_platform_0/ps7_init.tcl
targets -set -nocase -filter {name =~"APU*" && jtag_cable_name =~ "Digilent Zed 210248517824"} -index 0
stop
ps7_init
ps7_post_config
targets -set -nocase -filter {name =~ "ARM*#0" && jtag_cable_name =~ "Digilent Zed 210248517824"} -index 0
rst -processor
targets -set -nocase -filter {name =~ "ARM*#0" && jtag_cable_name =~ "Digilent Zed 210248517824"} -index 0
dow /home/rui/workspace/R20180914_dmaconverter/R20180914_dmaconverter.sdk/multipoll/Debug/multipoll.elf
----------------End of Script----------------

17:12:17 INFO  : Memory regions updated for context APU
17:12:17 INFO  : Context for processor 'ps7_cortexa9_0' is selected.
17:12:17 INFO  : 'con' command is executed.
17:12:17 INFO  : ----------------XSDB Script (After Launch)----------------
targets -set -nocase -filter {name =~ "ARM*#0" && jtag_cable_name =~ "Digilent Zed 210248517824"} -index 0
con
----------------End of Script----------------

17:12:17 INFO  : Launch script is exported to file '/home/rui/workspace/R20180914_dmaconverter/R20180914_dmaconverter.sdk/.sdk/launch_scripts/xilinx_c-c++_application_(system_debugger)/system_debugger_using_debug_multipoll.elf_on_local.tcl'
17:13:02 INFO  : Disconnected from the channel tcfchan#9.
17:13:03 INFO  : 'targets -set -filter {jtag_cable_name =~ "Digilent Zed 210248517824" && level==0} -index 1' command is executed.
17:13:03 INFO  : 'fpga -state' command is executed.
17:13:03 INFO  : Connected to target on host '127.0.0.1' and port '3121'.
17:13:04 INFO  : Jtag cable 'Digilent Zed 210248517824' is selected.
17:13:04 INFO  : 'jtag frequency' command is executed.
17:13:04 INFO  : Sourcing of '/home/rui/workspace/R20180914_dmaconverter/R20180914_dmaconverter.sdk/design_1_wrapper_hw_platform_0/ps7_init.tcl' is done.
17:13:04 INFO  : Context for 'APU' is selected.
17:13:04 INFO  : 'stop' command is executed.
17:13:04 INFO  : 'ps7_init' command is executed.
17:13:04 INFO  : 'ps7_post_config' command is executed.
17:13:04 INFO  : Context for processor 'ps7_cortexa9_0' is selected.
17:13:04 INFO  : Processor reset is completed for 'ps7_cortexa9_0'.
17:13:04 INFO  : Context for processor 'ps7_cortexa9_0' is selected.
17:13:04 INFO  : The application '/home/rui/workspace/R20180914_dmaconverter/R20180914_dmaconverter.sdk/multipoll/Debug/multipoll.elf' is downloaded to processor 'ps7_cortexa9_0'.
17:13:04 INFO  : ----------------XSDB Script----------------
connect -url tcp:127.0.0.1:3121
source /home/rui/workspace/R20180914_dmaconverter/R20180914_dmaconverter.sdk/design_1_wrapper_hw_platform_0/ps7_init.tcl
targets -set -nocase -filter {name =~"APU*" && jtag_cable_name =~ "Digilent Zed 210248517824"} -index 0
stop
ps7_init
ps7_post_config
targets -set -nocase -filter {name =~ "ARM*#0" && jtag_cable_name =~ "Digilent Zed 210248517824"} -index 0
rst -processor
targets -set -nocase -filter {name =~ "ARM*#0" && jtag_cable_name =~ "Digilent Zed 210248517824"} -index 0
dow /home/rui/workspace/R20180914_dmaconverter/R20180914_dmaconverter.sdk/multipoll/Debug/multipoll.elf
----------------End of Script----------------

17:13:04 INFO  : Memory regions updated for context APU
17:13:04 INFO  : Context for processor 'ps7_cortexa9_0' is selected.
17:13:04 INFO  : 'con' command is executed.
17:13:04 INFO  : ----------------XSDB Script (After Launch)----------------
targets -set -nocase -filter {name =~ "ARM*#0" && jtag_cable_name =~ "Digilent Zed 210248517824"} -index 0
con
----------------End of Script----------------

17:13:04 INFO  : Launch script is exported to file '/home/rui/workspace/R20180914_dmaconverter/R20180914_dmaconverter.sdk/.sdk/launch_scripts/xilinx_c-c++_application_(system_debugger)/system_debugger_using_debug_multipoll.elf_on_local.tcl'
17:14:45 INFO  : Disconnected from the channel tcfchan#10.
17:14:46 INFO  : 'targets -set -filter {jtag_cable_name =~ "Digilent Zed 210248517824" && level==0} -index 1' command is executed.
17:14:46 INFO  : 'fpga -state' command is executed.
17:14:46 INFO  : Connected to target on host '127.0.0.1' and port '3121'.
17:14:46 INFO  : Jtag cable 'Digilent Zed 210248517824' is selected.
17:14:46 INFO  : 'jtag frequency' command is executed.
17:14:46 INFO  : Sourcing of '/home/rui/workspace/R20180914_dmaconverter/R20180914_dmaconverter.sdk/design_1_wrapper_hw_platform_0/ps7_init.tcl' is done.
17:14:46 INFO  : Context for 'APU' is selected.
17:14:47 INFO  : 'stop' command is executed.
17:14:51 INFO  : 'ps7_init' command is executed.
17:14:51 INFO  : 'ps7_post_config' command is executed.
17:14:51 INFO  : Context for processor 'ps7_cortexa9_0' is selected.
17:14:51 INFO  : Processor reset is completed for 'ps7_cortexa9_0'.
17:14:51 INFO  : Context for processor 'ps7_cortexa9_0' is selected.
17:14:53 ERROR : Memory write error at 0x100000. AP transaction timeout
17:14:53 INFO  : ----------------XSDB Script----------------
connect -url tcp:127.0.0.1:3121
source /home/rui/workspace/R20180914_dmaconverter/R20180914_dmaconverter.sdk/design_1_wrapper_hw_platform_0/ps7_init.tcl
targets -set -nocase -filter {name =~"APU*" && jtag_cable_name =~ "Digilent Zed 210248517824"} -index 0
stop
ps7_init
ps7_post_config
targets -set -nocase -filter {name =~ "ARM*#0" && jtag_cable_name =~ "Digilent Zed 210248517824"} -index 0
rst -processor
targets -set -nocase -filter {name =~ "ARM*#0" && jtag_cable_name =~ "Digilent Zed 210248517824"} -index 0
dow /home/rui/workspace/R20180914_dmaconverter/R20180914_dmaconverter.sdk/multipoll/Debug/multipoll.elf
----------------End of Script----------------

15:24:23 INFO  : SDK has detected change in the last modified timestamps for source hardware specification file Source:1537471410000,  Project:1536959432000
15:24:23 INFO  : Project design_1_wrapper_hw_platform_0's source hardware specification located at /home/rui/workspace/R20180914_dmaconverter/R20180914_dmaconverter.sdk/design_1_wrapper.hdf is now different from the local copy.
		 The local copy will be replaced with the source specification and your workspace will be updated.
15:24:26 INFO  : Copied contents of /home/rui/workspace/R20180914_dmaconverter/R20180914_dmaconverter.sdk/design_1_wrapper.hdf into /design_1_wrapper_hw_platform_0/system.hdf.
15:24:29 INFO  : Synchronizing projects in the workspace with the hardware platform specification changes.
15:24:30 INFO  : 
15:24:31 INFO  : Updating hardware inferred compiler options for multipoll.
15:24:31 INFO  : Clearing existing target manager status.
15:24:31 INFO  : Closing and re-opening the MSS file of ther project multipoll_bsp
15:24:31 INFO  : Workspace synchronized with the new hardware specification file. Cleaning dependent projects...
15:24:32 WARN  : Linker script will not be updated automatically. Users need to update it manually.
15:27:05 INFO  : 'targets -set -filter {jtag_cable_name =~ "Digilent Zed 210248517824" && level==0} -index 1' command is executed.
15:27:05 INFO  : 'fpga -state' command is executed.
15:27:05 INFO  : Connected to target on host '127.0.0.1' and port '3121'.
15:27:05 INFO  : Jtag cable 'Digilent Zed 210248517824' is selected.
15:27:05 INFO  : 'jtag frequency' command is executed.
15:27:05 INFO  : Sourcing of '/home/rui/workspace/R20180914_dmaconverter/R20180914_dmaconverter.sdk/design_1_wrapper_hw_platform_0/ps7_init.tcl' is done.
15:27:05 INFO  : Context for 'APU' is selected.
15:27:05 INFO  : 'stop' command is executed.
15:27:05 INFO  : 'ps7_init' command is executed.
15:27:05 INFO  : 'ps7_post_config' command is executed.
15:27:05 INFO  : Context for processor 'ps7_cortexa9_0' is selected.
15:27:05 INFO  : Processor reset is completed for 'ps7_cortexa9_0'.
15:27:05 INFO  : Context for processor 'ps7_cortexa9_0' is selected.
15:27:05 INFO  : The application '/home/rui/workspace/R20180914_dmaconverter/R20180914_dmaconverter.sdk/multipoll/Debug/multipoll.elf' is downloaded to processor 'ps7_cortexa9_0'.
15:27:05 INFO  : ----------------XSDB Script----------------
connect -url tcp:127.0.0.1:3121
source /home/rui/workspace/R20180914_dmaconverter/R20180914_dmaconverter.sdk/design_1_wrapper_hw_platform_0/ps7_init.tcl
targets -set -nocase -filter {name =~"APU*" && jtag_cable_name =~ "Digilent Zed 210248517824"} -index 0
stop
ps7_init
ps7_post_config
targets -set -nocase -filter {name =~ "ARM*#0" && jtag_cable_name =~ "Digilent Zed 210248517824"} -index 0
rst -processor
targets -set -nocase -filter {name =~ "ARM*#0" && jtag_cable_name =~ "Digilent Zed 210248517824"} -index 0
dow /home/rui/workspace/R20180914_dmaconverter/R20180914_dmaconverter.sdk/multipoll/Debug/multipoll.elf
----------------End of Script----------------

15:27:05 INFO  : Memory regions updated for context APU
15:27:06 INFO  : Context for processor 'ps7_cortexa9_0' is selected.
15:27:06 INFO  : 'con' command is executed.
15:27:06 INFO  : ----------------XSDB Script (After Launch)----------------
targets -set -nocase -filter {name =~ "ARM*#0" && jtag_cable_name =~ "Digilent Zed 210248517824"} -index 0
con
----------------End of Script----------------

15:27:06 INFO  : Launch script is exported to file '/home/rui/workspace/R20180914_dmaconverter/R20180914_dmaconverter.sdk/.sdk/launch_scripts/xilinx_c-c++_application_(system_debugger)/system_debugger_using_debug_multipoll.elf_on_local.tcl'
15:27:44 INFO  : Disconnected from the channel tcfchan#11.
15:27:45 INFO  : 'targets -set -filter {jtag_cable_name =~ "Digilent Zed 210248517824" && level==0} -index 1' command is executed.
15:27:45 INFO  : 'fpga -state' command is executed.
15:27:45 INFO  : Connected to target on host '127.0.0.1' and port '3121'.
15:27:45 INFO  : Jtag cable 'Digilent Zed 210248517824' is selected.
15:27:45 INFO  : 'jtag frequency' command is executed.
15:27:45 INFO  : Sourcing of '/home/rui/workspace/R20180914_dmaconverter/R20180914_dmaconverter.sdk/design_1_wrapper_hw_platform_0/ps7_init.tcl' is done.
15:27:45 INFO  : Context for 'APU' is selected.
15:27:45 INFO  : 'stop' command is executed.
15:27:45 INFO  : 'ps7_init' command is executed.
15:27:45 INFO  : 'ps7_post_config' command is executed.
15:27:45 INFO  : Context for processor 'ps7_cortexa9_0' is selected.
15:27:45 INFO  : Processor reset is completed for 'ps7_cortexa9_0'.
15:27:45 INFO  : Context for processor 'ps7_cortexa9_0' is selected.
15:27:46 INFO  : The application '/home/rui/workspace/R20180914_dmaconverter/R20180914_dmaconverter.sdk/multipoll/Debug/multipoll.elf' is downloaded to processor 'ps7_cortexa9_0'.
15:27:46 INFO  : ----------------XSDB Script----------------
connect -url tcp:127.0.0.1:3121
source /home/rui/workspace/R20180914_dmaconverter/R20180914_dmaconverter.sdk/design_1_wrapper_hw_platform_0/ps7_init.tcl
targets -set -nocase -filter {name =~"APU*" && jtag_cable_name =~ "Digilent Zed 210248517824"} -index 0
stop
ps7_init
ps7_post_config
targets -set -nocase -filter {name =~ "ARM*#0" && jtag_cable_name =~ "Digilent Zed 210248517824"} -index 0
rst -processor
targets -set -nocase -filter {name =~ "ARM*#0" && jtag_cable_name =~ "Digilent Zed 210248517824"} -index 0
dow /home/rui/workspace/R20180914_dmaconverter/R20180914_dmaconverter.sdk/multipoll/Debug/multipoll.elf
----------------End of Script----------------

15:27:46 INFO  : Memory regions updated for context APU
15:27:46 INFO  : Context for processor 'ps7_cortexa9_0' is selected.
15:27:46 INFO  : 'con' command is executed.
15:27:46 INFO  : ----------------XSDB Script (After Launch)----------------
targets -set -nocase -filter {name =~ "ARM*#0" && jtag_cable_name =~ "Digilent Zed 210248517824"} -index 0
con
----------------End of Script----------------

15:27:46 INFO  : Launch script is exported to file '/home/rui/workspace/R20180914_dmaconverter/R20180914_dmaconverter.sdk/.sdk/launch_scripts/xilinx_c-c++_application_(system_debugger)/system_debugger_using_debug_multipoll.elf_on_local.tcl'
